#
# A fatal error has been detected by the Java Runtime Environment:
#
#  SIGSEGV (0xb) at pc=0x00007effdde09512, pid=17521, tid=0x00007effdf124700
#
# JRE version:  (8.0_172-b11) (build )
# Java VM: OpenJDK 64-Bit Server VM (25.172-b11 mixed mode linux-amd64 compressed oops)
# Problematic frame:
# V  [libjvm.so+0xaa7512]
#
# Core dump written. Default location: /home/marcioaug/Projects/hunor/example/relational/src/main/java/core or core.17521
#
# If you would like to submit a bug report, please visit:
#   http://bugreport.java.com/bugreport/crash.jsp
#

---------------  T H R E A D  ---------------

Current thread (0x00007effd804d000):  JavaThread "Unknown thread" [_thread_in_vm, id=17522, stack(0x00007effdf025000,0x00007effdf125000)]

siginfo: si_signo: 11 (SIGSEGV), si_code: 1 (SEGV_MAPERR), si_addr: 0x0000000000000008

Registers:
RAX=0x0000000000000000, RBX=0x0000000000000001, RCX=0x00000007c000ce08, RDX=0x00007effd806ea10
RSP=0x00007effdf123b20, RBP=0x00007effdf123bd0, RSI=0x00007effdc079b70, RDI=0x00007effc4fc2928
R8 =0x0000000000000002, R9 =0x000000000000001d, R10=0x0018b76c3d7d2d48, R11=0x0000000000000001
R12=0x00007effdf123b60, R13=0x00007effdf123b50, R14=0x00007effde2f94e0, R15=0x00007effde3102a0
RIP=0x00007effdde09512, EFLAGS=0x0000000000010246, CSGSFS=0x002b000000000033, ERR=0x0000000000000004
  TRAPNO=0x000000000000000e

Top of Stack: (sp=0x00007effdf123b20)
0x00007effdf123b20:   00000000000003d8 00007eff00000003
0x00007effdf123b30:   00007effdf123b58 00000007c0004eb8
0x00007effdf123b40:   00007effddec5549 00007effd804d000
0x00007effdf123b50:   00007effd804d000 00007effd804fe48
0x00007effdf123b60:   00007effd804d000 00007effd804dce0
0x00007effdf123b70:   00007effd804fb00 00007effd804fcc8
0x00007effdf123b80:   00007effd8057ae8 00000000000080b0
0x00007effdf123b90:   00007effdf123be0 19416243745fd400
0x00007effdf123ba0:   00000000000000fa 0000000000000000
0x00007effdf123bb0:   00007effdf123be0 00007effdf123def
0x00007effdf123bc0:   00007effdf123cb0 0000000000000000
0x00007effdf123bd0:   00007effdf123c30 00007effdd98d9ea
0x00007effdf123be0:   00007effd804d000 00007effd804dce0
0x00007effdf123bf0:   00007effd804dd20 00007effd804dd30
0x00007effdf123c00:   00007effd804de08 00000000000000d8
0x00007effdf123c10:   00007effd804df10 19416243745fd400
0x00007effdf123c20:   00007effd804d000 00007effdf123ce0
0x00007effdf123c30:   00007effdf123dc0 00007effdddedcea
0x00007effdf123c40:   0000000000000000 0000000000000000
0x00007effdf123c50:   0000000000000000 0000000000000000
0x00007effdf123c60:   0000000000000000 0000000000000000
0x00007effdf123c70:   0000000000000000 0000000000000000
0x00007effdf123c80:   0000000000000000 0000000000000000
0x00007effdf123c90:   0000000000000000 0000000000000000
0x00007effdf123ca0:   0000000000000000 0000000000000000
0x00007effdf123cb0:   0000000000000001 000001663b7fadcf
0x00007effdf123cc0:   0000000000000000 0000000000000000
0x00007effdf123cd0:   0000000000000000 0000000000000000
0x00007effdf123ce0:   0000000000000100 0000000000000000
0x00007effdf123cf0:   0000000000000000 0000000000000000
0x00007effdf123d00:   0000000000000000 0000000000000000
0x00007effdf123d10:   0000000000000000 0000000000000000 

Instructions: (pc=0x00007effdde09512)
0x00007effdde094f2:   01 00 00 48 8d 0d f4 51 4b 00 48 8b 15 fd 48 50
0x00007effdde09502:   00 80 39 00 75 0a 49 8b 8e f0 01 00 00 48 89 0a
0x00007effdde09512:   48 8b 40 08 48 8b b5 78 ff ff ff 0f b7 40 26 89
0x00007effdde09522:   42 08 49 8b 7e 28 e8 43 9a b9 ff 48 8b 85 78 ff 

Register to memory mapping:

RAX=0x0000000000000000 is an unknown value
RBX=0x0000000000000001 is an unknown value
RCX=0x00000007c000ce08 is pointing into metadata
RDX=0x00007effd806ea10 is an unknown value
RSP=0x00007effdf123b20 is an unknown value
RBP=0x00007effdf123bd0 is an unknown value
RSI=0x00007effdc079b70 is an unknown value
RDI=0x00007effc4fc2928 is pointing into metadata
R8 =0x0000000000000002 is an unknown value
R9 =0x000000000000001d is an unknown value
R10=0x0018b76c3d7d2d48 is an unknown value
R11=0x0000000000000001 is an unknown value
R12=0x00007effdf123b60 is an unknown value
R13=0x00007effdf123b50 is an unknown value
R14=0x00007effde2f94e0: <offset 0xf974e0> in /usr/lib/jvm/java-1.8.0-openjdk-1.8.0.172-9.b11.fc28.x86_64/jre/lib/amd64/server/libjvm.so at 0x00007effdd362000
R15=0x00007effde3102a0: <offset 0xfae2a0> in /usr/lib/jvm/java-1.8.0-openjdk-1.8.0.172-9.b11.fc28.x86_64/jre/lib/amd64/server/libjvm.so at 0x00007effdd362000


Stack: [0x00007effdf025000,0x00007effdf125000],  sp=0x00007effdf123b20,  free space=1018k
Native frames: (J=compiled Java code, j=interpreted, Vv=VM code, C=native code)
V  [libjvm.so+0xaa7512]
V  [libjvm.so+0x62b9ea]
V  [libjvm.so+0xa8bcea]
V  [libjvm.so+0x6a6f05]  JNI_CreateJavaVM+0x65
C  [libjli.so+0x2f42]
C  [libpthread.so.0+0x7594]  start_thread+0xe4


---------------  P R O C E S S  ---------------

Java Threads: ( => current thread )

Other Threads:

=>0x00007effd804d000 (exited) JavaThread "Unknown thread" [_thread_in_vm, id=17522, stack(0x00007effdf025000,0x00007effdf125000)]

VM state:not at safepoint (normal execution)

VM Mutex/Monitor currently owned by a thread: None

Heap:
 PSYoungGen      total 150016K, used 2580K [0x0000000718d80000, 0x0000000723480000, 0x00000007c0000000)
  eden space 129024K, 2% used [0x0000000718d80000,0x00000007190051f8,0x0000000720b80000)
  from space 20992K, 0% used [0x0000000722000000,0x0000000722000000,0x0000000723480000)
  to   space 20992K, 0% used [0x0000000720b80000,0x0000000720b80000,0x0000000722000000)
 ParOldGen       total 343040K, used 0K [0x00000005ca800000, 0x00000005df700000, 0x0000000718d80000)
  object space 343040K, 0% used [0x00000005ca800000,0x00000005ca800000,0x00000005df700000)
 Metaspace       used 698K, capacity 4480K, committed 4480K, reserved 1056768K
  class space    used 71K, capacity 384K, committed 384K, reserved 1048576K

Card table byte_map: [0x00007effc7878000,0x00007effc8825000] byte_map_base: 0x00007effc4a24000

Marking Bits: (ParMarkBitMap*) 0x00007effde2f79c0
 Begin Bits: [0x00007eff8c540000, 0x00007eff942a0000)
 End Bits:   [0x00007eff942a0000, 0x00007eff9c000000)

Polling page: 0x00007effdf141000

CodeCache: size=245760Kb used=325Kb max_used=325Kb free=245434Kb
 bounds [0x00007effc8be5000, 0x00007effc8e55000, 0x00007effd7be5000]
 total_blobs=52 nmethods=0 adapters=34
 compilation: enabled

Compilation events (0 events):
No events

GC Heap History (0 events):
No events

Deoptimization events (0 events):
No events

Classes redefined (0 events):
No events

Internal exceptions (0 events):
No events

Events (214 events):
Event: 0.004 loading class java/lang/Object
Event: 0.005 loading class java/lang/Object done
Event: 0.005 loading class java/lang/String
Event: 0.005 loading class java/io/Serializable
Event: 0.005 loading class java/io/Serializable done
Event: 0.005 loading class java/lang/Comparable
Event: 0.005 loading class java/lang/Comparable done
Event: 0.005 loading class java/lang/CharSequence
Event: 0.005 loading class java/lang/CharSequence done
Event: 0.005 loading class java/lang/String done
Event: 0.005 loading class java/lang/Class
Event: 0.005 loading class java/lang/reflect/GenericDeclaration
Event: 0.005 loading class java/lang/reflect/GenericDeclaration done
Event: 0.005 loading class java/lang/reflect/Type
Event: 0.005 loading class java/lang/reflect/Type done
Event: 0.005 loading class java/lang/reflect/AnnotatedElement
Event: 0.005 loading class java/lang/reflect/AnnotatedElement done
Event: 0.005 loading class java/lang/Class done
Event: 0.005 loading class java/lang/Cloneable
Event: 0.005 loading class java/lang/Cloneable done
Event: 0.005 loading class java/lang/ClassLoader
Event: 0.005 loading class java/lang/ClassLoader done
Event: 0.005 loading class java/lang/System
Event: 0.005 loading class java/lang/System done
Event: 0.005 loading class java/lang/Throwable
Event: 0.006 loading class java/lang/Throwable done
Event: 0.006 loading class java/lang/Error
Event: 0.006 loading class java/lang/Error done
Event: 0.006 loading class java/lang/ThreadDeath
Event: 0.006 loading class java/lang/ThreadDeath done
Event: 0.006 loading class java/lang/Exception
Event: 0.006 loading class java/lang/Exception done
Event: 0.006 loading class java/lang/RuntimeException
Event: 0.006 loading class java/lang/RuntimeException done
Event: 0.006 loading class java/lang/SecurityManager
Event: 0.006 loading class java/lang/SecurityManager done
Event: 0.006 loading class java/security/ProtectionDomain
Event: 0.006 loading class java/security/ProtectionDomain done
Event: 0.006 loading class java/security/AccessControlContext
Event: 0.006 loading class java/security/AccessControlContext done
Event: 0.006 loading class java/security/SecureClassLoader
Event: 0.006 loading class java/security/SecureClassLoader done
Event: 0.006 loading class java/lang/ClassNotFoundException
Event: 0.006 loading class java/lang/ReflectiveOperationException
Event: 0.006 loading class java/lang/ReflectiveOperationException done
Event: 0.006 loading class java/lang/ClassNotFoundException done
Event: 0.006 loading class java/lang/NoClassDefFoundError
Event: 0.006 loading class java/lang/LinkageError
Event: 0.006 loading class java/lang/LinkageError done
Event: 0.006 loading class java/lang/NoClassDefFoundError done
Event: 0.006 loading class java/lang/ClassCastException
Event: 0.006 loading class java/lang/ClassCastException done
Event: 0.006 loading class java/lang/ArrayStoreException
Event: 0.006 loading class java/lang/ArrayStoreException done
Event: 0.006 loading class java/lang/VirtualMachineError
Event: 0.006 loading class java/lang/VirtualMachineError done
Event: 0.006 loading class java/lang/OutOfMemoryError
Event: 0.006 loading class java/lang/OutOfMemoryError done
Event: 0.006 loading class java/lang/StackOverflowError
Event: 0.006 loading class java/lang/StackOverflowError done
Event: 0.006 loading class java/lang/IllegalMonitorStateException
Event: 0.006 loading class java/lang/IllegalMonitorStateException done
Event: 0.006 loading class java/lang/ref/Reference
Event: 0.006 loading class java/lang/ref/Reference done
Event: 0.006 loading class java/lang/ref/SoftReference
Event: 0.006 loading class java/lang/ref/SoftReference done
Event: 0.006 loading class java/lang/ref/WeakReference
Event: 0.006 loading class java/lang/ref/WeakReference done
Event: 0.006 loading class java/lang/ref/FinalReference
Event: 0.006 loading class java/lang/ref/FinalReference done
Event: 0.006 loading class java/lang/ref/PhantomReference
Event: 0.006 loading class java/lang/ref/PhantomReference done
Event: 0.006 loading class sun/misc/Cleaner
Event: 0.006 loading class sun/misc/Cleaner done
Event: 0.006 loading class java/lang/ref/Finalizer
Event: 0.006 loading class java/lang/ref/Finalizer done
Event: 0.006 loading class java/lang/ref/ReferenceQueue
Event: 0.006 loading class java/lang/ref/ReferenceQueue done
Event: 0.006 loading class java/lang/Thread
Event: 0.006 loading class java/lang/Runnable
Event: 0.006 loading class java/lang/Runnable done
Event: 0.006 loading class java/lang/Thread done
Event: 0.006 loading class java/lang/ThreadGroup
Event: 0.006 loading class java/lang/Thread$UncaughtExceptionHandler
Event: 0.006 loading class java/lang/Thread$UncaughtExceptionHandler done
Event: 0.006 loading class java/lang/ThreadGroup done
Event: 0.006 loading class java/util/Properties
Event: 0.006 loading class java/util/Hashtable
Event: 0.006 loading class java/util/Map
Event: 0.006 loading class java/util/Map done
Event: 0.006 loading class java/util/Dictionary
Event: 0.006 loading class java/util/Dictionary done
Event: 0.006 loading class java/util/Hashtable done
Event: 0.006 loading class java/util/Properties done
Event: 0.006 loading class java/lang/reflect/AccessibleObject
Event: 0.006 loading class java/lang/reflect/AccessibleObject done
Event: 0.006 loading class java/lang/reflect/Field
Event: 0.006 loading class java/lang/reflect/Member
Event: 0.006 loading class java/lang/reflect/Member done
Event: 0.006 loading class java/lang/reflect/Field done
Event: 0.006 loading class java/lang/reflect/Parameter
Event: 0.006 loading class java/lang/reflect/Parameter done
Event: 0.006 loading class java/lang/reflect/Method
Event: 0.006 loading class java/lang/reflect/Method done
Event: 0.006 loading class java/lang/reflect/Constructor
Event: 0.006 loading class java/lang/reflect/Constructor done
Event: 0.006 loading class sun/reflect/MagicAccessorImpl
Event: 0.006 loading class sun/reflect/MagicAccessorImpl done
Event: 0.006 loading class sun/reflect/MethodAccessorImpl
Event: 0.006 loading class sun/reflect/MethodAccessor
Event: 0.006 loading class sun/reflect/MethodAccessor done
Event: 0.006 loading class sun/reflect/MethodAccessorImpl done
Event: 0.006 loading class sun/reflect/ConstructorAccessorImpl
Event: 0.006 loading class sun/reflect/ConstructorAccessor
Event: 0.006 loading class sun/reflect/ConstructorAccessor done
Event: 0.006 loading class sun/reflect/ConstructorAccessorImpl done
Event: 0.006 loading class sun/reflect/DelegatingClassLoader
Event: 0.006 loading class sun/reflect/DelegatingClassLoader done
Event: 0.006 loading class sun/reflect/ConstantPool
Event: 0.006 loading class sun/reflect/ConstantPool done
Event: 0.006 loading class sun/reflect/UnsafeStaticFieldAccessorImpl
Event: 0.006 loading class sun/reflect/UnsafeFieldAccessorImpl
Event: 0.006 loading class sun/reflect/FieldAccessorImpl
Event: 0.006 loading class sun/reflect/FieldAccessor
Event: 0.007 loading class sun/reflect/FieldAccessor done
Event: 0.007 loading class sun/reflect/FieldAccessorImpl done
Event: 0.007 loading class sun/reflect/UnsafeFieldAccessorImpl done
Event: 0.007 loading class sun/reflect/UnsafeStaticFieldAccessorImpl done
Event: 0.007 loading class sun/reflect/CallerSensitive
Event: 0.007 loading class java/lang/annotation/Annotation
Event: 0.007 loading class java/lang/annotation/Annotation done
Event: 0.007 loading class sun/reflect/CallerSensitive done
Event: 0.007 loading class java/lang/invoke/DirectMethodHandle
Event: 0.007 loading class java/lang/invoke/MethodHandle
Event: 0.007 loading class java/lang/invoke/MethodHandle done
Event: 0.007 loading class java/lang/invoke/DirectMethodHandle done
Event: 0.007 loading class java/lang/invoke/MemberName
Event: 0.007 loading class java/lang/invoke/MemberName done
Event: 0.007 loading class java/lang/invoke/MethodHandleNatives
Event: 0.007 loading class java/lang/invoke/MethodHandleNatives done
Event: 0.007 loading class java/lang/invoke/LambdaForm
Event: 0.007 loading class java/lang/invoke/LambdaForm done
Event: 0.007 loading class java/lang/invoke/MethodType
Event: 0.007 loading class java/lang/invoke/MethodType done
Event: 0.007 loading class java/lang/BootstrapMethodError
Event: 0.007 loading class java/lang/BootstrapMethodError done
Event: 0.007 loading class java/lang/invoke/CallSite
Event: 0.007 loading class java/lang/invoke/CallSite done
Event: 0.007 loading class java/lang/invoke/ConstantCallSite
Event: 0.007 loading class java/lang/invoke/ConstantCallSite done
Event: 0.007 loading class java/lang/invoke/MutableCallSite
Event: 0.007 loading class java/lang/invoke/MutableCallSite done
Event: 0.007 loading class java/lang/invoke/VolatileCallSite
Event: 0.007 loading class java/lang/invoke/VolatileCallSite done
Event: 0.007 loading class java/lang/StringBuffer
Event: 0.007 loading class java/lang/AbstractStringBuilder
Event: 0.007 loading class java/lang/Appendable
Event: 0.007 loading class java/lang/Appendable done
Event: 0.007 loading class java/lang/AbstractStringBuilder done
Event: 0.007 loading class java/lang/StringBuffer done
Event: 0.007 loading class java/lang/StringBuilder
Event: 0.007 loading class java/lang/StringBuilder done
Event: 0.007 loading class sun/misc/Unsafe
Event: 0.007 loading class sun/misc/Unsafe done
Event: 0.007 loading class java/io/ByteArrayInputStream
Event: 0.007 loading class java/io/InputStream
Event: 0.007 loading class java/io/Closeable
Event: 0.007 loading class java/lang/AutoCloseable
Event: 0.007 loading class java/lang/AutoCloseable done
Event: 0.007 loading class java/io/Closeable done
Event: 0.007 loading class java/io/InputStream done
Event: 0.007 loading class java/io/ByteArrayInputStream done
Event: 0.007 loading class java/io/File
Event: 0.007 loading class java/io/File done
Event: 0.007 loading class java/net/URLClassLoader
Event: 0.008 loading class java/net/URLClassLoader done
Event: 0.008 loading class java/net/URL
Event: 0.008 loading class java/net/URL done
Event: 0.008 loading class java/util/jar/Manifest
Event: 0.008 loading class java/util/jar/Manifest done
Event: 0.008 loading class sun/misc/Launcher
Event: 0.008 loading class sun/misc/Launcher done
Event: 0.008 loading class sun/misc/Launcher$AppClassLoader
Event: 0.008 loading class sun/misc/Launcher$AppClassLoader done
Event: 0.008 loading class sun/misc/Launcher$ExtClassLoader
Event: 0.008 loading class sun/misc/Launcher$ExtClassLoader done
Event: 0.008 loading class java/security/CodeSource
Event: 0.008 loading class java/security/CodeSource done
Event: 0.008 loading class java/lang/StackTraceElement
Event: 0.008 loading class java/lang/StackTraceElement done
Event: 0.008 loading class java/nio/Buffer
Event: 0.008 loading class java/nio/Buffer done
Event: 0.008 loading class java/lang/Boolean
Event: 0.008 loading class java/lang/Boolean done
Event: 0.008 loading class java/lang/Character
Event: 0.008 loading class java/lang/Character done
Event: 0.008 loading class java/lang/Float
Event: 0.008 loading class java/lang/Number
Event: 0.008 loading class java/lang/Number done
Event: 0.008 loading class java/lang/Float done
Event: 0.008 loading class java/lang/Double
Event: 0.008 loading class java/lang/Double done
Event: 0.008 loading class java/lang/Byte
Event: 0.008 loading class java/lang/Byte done
Event: 0.008 loading class java/lang/Short
Event: 0.008 loading class java/lang/Short done
Event: 0.008 loading class java/lang/Integer
Event: 0.008 loading class java/lang/Integer done
Event: 0.008 loading class java/lang/Long
Event: 0.008 loading class java/lang/Long done
Event: 0.008 loading class java/lang/NullPointerException
Event: 0.008 loading class java/lang/NullPointerException done
Event: 0.008 loading class java/lang/ArithmeticException
Event: 0.008 loading class java/lang/ArithmeticException done


Dynamic libraries:
5ca800000-5df700000 rw-p 00000000 00:00 0 
5df700000-718d80000 ---p 00000000 00:00 0 
718d80000-723480000 rw-p 00000000 00:00 0 
723480000-7c0000000 ---p 00000000 00:00 0 
7c0000000-7c0060000 rw-p 00000000 00:00 0 
7c0060000-800000000 ---p 00000000 00:00 0 
5613cc0c9000-5613cc0ca000 r-xp 00000000 08:02 6558221                    /usr/lib/jvm/java-1.8.0-openjdk-1.8.0.172-9.b11.fc28.x86_64/jre/bin/java
5613cc2c9000-5613cc2ca000 r--p 00000000 08:02 6558221                    /usr/lib/jvm/java-1.8.0-openjdk-1.8.0.172-9.b11.fc28.x86_64/jre/bin/java
5613cc2ca000-5613cc2cb000 rw-p 00001000 08:02 6558221                    /usr/lib/jvm/java-1.8.0-openjdk-1.8.0.172-9.b11.fc28.x86_64/jre/bin/java
5613cd84a000-5613cd86b000 rw-p 00000000 00:00 0                          [heap]
7eff8c540000-7eff9c000000 rw-p 00000000 00:00 0 
7eff9c000000-7eff9c021000 rw-p 00000000 00:00 0 
7eff9c021000-7effa0000000 ---p 00000000 00:00 0 
7effa4000000-7effa4021000 rw-p 00000000 00:00 0 
7effa4021000-7effa8000000 ---p 00000000 00:00 0 
7effac000000-7effac021000 rw-p 00000000 00:00 0 
7effac021000-7effb0000000 ---p 00000000 00:00 0 
7effb0000000-7effb0021000 rw-p 00000000 00:00 0 
7effb0021000-7effb4000000 ---p 00000000 00:00 0 
7effb4000000-7effb4021000 rw-p 00000000 00:00 0 
7effb4021000-7effb8000000 ---p 00000000 00:00 0 
7effb8000000-7effb8021000 rw-p 00000000 00:00 0 
7effb8021000-7effbc000000 ---p 00000000 00:00 0 
7effbc000000-7effbc021000 rw-p 00000000 00:00 0 
7effbc021000-7effc0000000 ---p 00000000 00:00 0 
7effc0000000-7effc0021000 rw-p 00000000 00:00 0 
7effc0021000-7effc4000000 ---p 00000000 00:00 0 
7effc4d32000-7effc4d7d000 rw-p 00000000 00:00 0 
7effc4d7d000-7effc4f3d000 r--s 039fb000 08:02 3942458                    /usr/lib/jvm/java-1.8.0-openjdk-1.8.0.172-9.b11.fc28.x86_64/jre/lib/rt.jar
7effc4f3d000-7effc4f52000 r--s 00149000 08:02 4724756                    /home/marcioaug/Projects/hunor/hunor/tools/bin/major/lib/javac.jar
7effc4f52000-7effc5352000 rw-p 00000000 00:00 0 
7effc5352000-7effc5752000 ---p 00000000 00:00 0 
7effc5752000-7effc66fe000 rw-p 00000000 00:00 0 
7effc66fe000-7effc66ff000 ---p 00000000 00:00 0 
7effc66ff000-7effc67ff000 rw-p 00000000 00:00 0 
7effc67ff000-7effc6800000 ---p 00000000 00:00 0 
7effc6800000-7effc6900000 rw-p 00000000 00:00 0 
7effc6900000-7effc6901000 ---p 00000000 00:00 0 
7effc6901000-7effc6a01000 rw-p 00000000 00:00 0 
7effc6a01000-7effc6a02000 ---p 00000000 00:00 0 
7effc6a02000-7effc6b02000 rw-p 00000000 00:00 0 
7effc6b02000-7effc6b03000 ---p 00000000 00:00 0 
7effc6b03000-7effc6c03000 rw-p 00000000 00:00 0 
7effc6c03000-7effc6c04000 ---p 00000000 00:00 0 
7effc6c04000-7effc6d04000 rw-p 00000000 00:00 0 
7effc6d04000-7effc6d05000 ---p 00000000 00:00 0 
7effc6d05000-7effc6ead000 rw-p 00000000 00:00 0 
7effc6ead000-7effc7878000 ---p 00000000 00:00 0 
7effc7878000-7effc7920000 rw-p 00000000 00:00 0 
7effc7920000-7effc82ea000 ---p 00000000 00:00 0 
7effc82ea000-7effc833f000 rw-p 00000000 00:00 0 
7effc833f000-7effc8824000 ---p 00000000 00:00 0 
7effc8824000-7effc882f000 rw-p 00000000 00:00 0 
7effc882f000-7effc8be5000 ---p 00000000 00:00 0 
7effc8be5000-7effc8e55000 rwxp 00000000 00:00 0 
7effc8e55000-7effd7be5000 ---p 00000000 00:00 0 
7effd7be5000-7effd7bed000 r-xp 00000000 08:02 6558265                    /usr/lib/jvm/java-1.8.0-openjdk-1.8.0.172-9.b11.fc28.x86_64/jre/lib/amd64/libzip.so
7effd7bed000-7effd7dec000 ---p 00008000 08:02 6558265                    /usr/lib/jvm/java-1.8.0-openjdk-1.8.0.172-9.b11.fc28.x86_64/jre/lib/amd64/libzip.so
7effd7dec000-7effd7ded000 r--p 00007000 08:02 6558265                    /usr/lib/jvm/java-1.8.0-openjdk-1.8.0.172-9.b11.fc28.x86_64/jre/lib/amd64/libzip.so
7effd7ded000-7effd7dee000 rw-p 00000000 00:00 0 
7effd7dee000-7effd7df9000 r-xp 00000000 08:02 6434473                    /usr/lib64/libnss_files-2.27.so
7effd7df9000-7effd7ff8000 ---p 0000b000 08:02 6434473                    /usr/lib64/libnss_files-2.27.so
7effd7ff8000-7effd7ff9000 r--p 0000a000 08:02 6434473                    /usr/lib64/libnss_files-2.27.so
7effd7ff9000-7effd7ffa000 rw-p 0000b000 08:02 6434473                    /usr/lib64/libnss_files-2.27.so
7effd7ffa000-7effd8000000 rw-p 00000000 00:00 0 
7effd8000000-7effd810c000 rw-p 00000000 00:00 0 
7effd810c000-7effdc000000 ---p 00000000 00:00 0 
7effdc001000-7effdc0d2000 rw-p 00000000 00:00 0 
7effdc0d2000-7effdc0d3000 ---p 00000000 00:00 0 
7effdc0d3000-7effdc1d3000 rw-p 00000000 00:00 0 
7effdc1d3000-7effdc1db000 r-xp 00000000 08:02 6438320                    /usr/lib64/libnss_sss.so.2
7effdc1db000-7effdc3da000 ---p 00008000 08:02 6438320                    /usr/lib64/libnss_sss.so.2
7effdc3da000-7effdc3db000 r--p 00007000 08:02 6438320                    /usr/lib64/libnss_sss.so.2
7effdc3db000-7effdc3dc000 rw-p 00008000 08:02 6438320                    /usr/lib64/libnss_sss.so.2
7effdc3dc000-7effdc409000 r-xp 00000000 08:02 6558247                    /usr/lib/jvm/java-1.8.0-openjdk-1.8.0.172-9.b11.fc28.x86_64/jre/lib/amd64/libjava.so
7effdc409000-7effdc609000 ---p 0002d000 08:02 6558247                    /usr/lib/jvm/java-1.8.0-openjdk-1.8.0.172-9.b11.fc28.x86_64/jre/lib/amd64/libjava.so
7effdc609000-7effdc60a000 r--p 0002d000 08:02 6558247                    /usr/lib/jvm/java-1.8.0-openjdk-1.8.0.172-9.b11.fc28.x86_64/jre/lib/amd64/libjava.so
7effdc60a000-7effdc60b000 rw-p 0002e000 08:02 6558247                    /usr/lib/jvm/java-1.8.0-openjdk-1.8.0.172-9.b11.fc28.x86_64/jre/lib/amd64/libjava.so
7effdc60b000-7effdc60c000 rw-p 00000000 00:00 0 
7effdc60c000-7effdc619000 r-xp 00000000 08:02 6558264                    /usr/lib/jvm/java-1.8.0-openjdk-1.8.0.172-9.b11.fc28.x86_64/jre/lib/amd64/libverify.so
7effdc619000-7effdc819000 ---p 0000d000 08:02 6558264                    /usr/lib/jvm/java-1.8.0-openjdk-1.8.0.172-9.b11.fc28.x86_64/jre/lib/amd64/libverify.so
7effdc819000-7effdc81b000 r--p 0000d000 08:02 6558264                    /usr/lib/jvm/java-1.8.0-openjdk-1.8.0.172-9.b11.fc28.x86_64/jre/lib/amd64/libverify.so
7effdc81b000-7effdc81c000 rw-p 00000000 00:00 0 
7effdc81c000-7effdc823000 r-xp 00000000 08:02 6434580                    /usr/lib64/librt-2.27.so
7effdc823000-7effdca22000 ---p 00007000 08:02 6434580                    /usr/lib64/librt-2.27.so
7effdca22000-7effdca23000 r--p 00006000 08:02 6434580                    /usr/lib64/librt-2.27.so
7effdca23000-7effdca24000 rw-p 00007000 08:02 6434580                    /usr/lib64/librt-2.27.so
7effdca24000-7effdca3b000 r-xp 00000000 08:02 6437069                    /usr/lib64/libgcc_s-8-20180502.so.1
7effdca3b000-7effdcc3a000 ---p 00017000 08:02 6437069                    /usr/lib64/libgcc_s-8-20180502.so.1
7effdcc3a000-7effdcc3b000 r--p 00016000 08:02 6437069                    /usr/lib64/libgcc_s-8-20180502.so.1
7effdcc3b000-7effdcc3c000 rw-p 00017000 08:02 6437069                    /usr/lib64/libgcc_s-8-20180502.so.1
7effdcc3c000-7effdcdce000 r-xp 00000000 08:02 6434076                    /usr/lib64/libm-2.27.so
7effdcdce000-7effdcfce000 ---p 00192000 08:02 6434076                    /usr/lib64/libm-2.27.so
7effdcfce000-7effdcfcf000 r--p 00192000 08:02 6434076                    /usr/lib64/libm-2.27.so
7effdcfcf000-7effdcfd0000 rw-p 00193000 08:02 6434076                    /usr/lib64/libm-2.27.so
7effdcfd0000-7effdd152000 r-xp 00000000 08:02 6434656                    /usr/lib64/libstdc++.so.6.0.25
7effdd152000-7effdd352000 ---p 00182000 08:02 6434656                    /usr/lib64/libstdc++.so.6.0.25
7effdd352000-7effdd35c000 r--p 00182000 08:02 6434656                    /usr/lib64/libstdc++.so.6.0.25
7effdd35c000-7effdd35e000 rw-p 0018c000 08:02 6434656                    /usr/lib64/libstdc++.so.6.0.25
7effdd35e000-7effdd362000 rw-p 00000000 00:00 0 
7effdd362000-7effde019000 r-xp 00000000 08:02 6558269                    /usr/lib/jvm/java-1.8.0-openjdk-1.8.0.172-9.b11.fc28.x86_64/jre/lib/amd64/server/libjvm.so
7effde019000-7effde219000 ---p 00cb7000 08:02 6558269                    /usr/lib/jvm/java-1.8.0-openjdk-1.8.0.172-9.b11.fc28.x86_64/jre/lib/amd64/server/libjvm.so
7effde219000-7effde2bb000 r--p 00cb7000 08:02 6558269                    /usr/lib/jvm/java-1.8.0-openjdk-1.8.0.172-9.b11.fc28.x86_64/jre/lib/amd64/server/libjvm.so
7effde2bb000-7effde2e4000 rw-p 00d59000 08:02 6558269                    /usr/lib/jvm/java-1.8.0-openjdk-1.8.0.172-9.b11.fc28.x86_64/jre/lib/amd64/server/libjvm.so
7effde2e4000-7effde314000 rw-p 00000000 00:00 0 
7effde314000-7effde4c9000 r-xp 00000000 08:02 6433921                    /usr/lib64/libc-2.27.so
7effde4c9000-7effde6c9000 ---p 001b5000 08:02 6433921                    /usr/lib64/libc-2.27.so
7effde6c9000-7effde6cd000 r--p 001b5000 08:02 6433921                    /usr/lib64/libc-2.27.so
7effde6cd000-7effde6cf000 rw-p 001b9000 08:02 6433921                    /usr/lib64/libc-2.27.so
7effde6cf000-7effde6d3000 rw-p 00000000 00:00 0 
7effde6d3000-7effde6d6000 r-xp 00000000 08:02 6433987                    /usr/lib64/libdl-2.27.so
7effde6d6000-7effde8d5000 ---p 00003000 08:02 6433987                    /usr/lib64/libdl-2.27.so
7effde8d5000-7effde8d6000 r--p 00002000 08:02 6433987                    /usr/lib64/libdl-2.27.so
7effde8d6000-7effde8d7000 rw-p 00003000 08:02 6433987                    /usr/lib64/libdl-2.27.so
7effde8d7000-7effde8e5000 r-xp 00000000 08:02 6558234                    /usr/lib/jvm/java-1.8.0-openjdk-1.8.0.172-9.b11.fc28.x86_64/jre/lib/amd64/jli/libjli.so
7effde8e5000-7effdeae4000 ---p 0000e000 08:02 6558234                    /usr/lib/jvm/java-1.8.0-openjdk-1.8.0.172-9.b11.fc28.x86_64/jre/lib/amd64/jli/libjli.so
7effdeae4000-7effdeae5000 r--p 0000d000 08:02 6558234                    /usr/lib/jvm/java-1.8.0-openjdk-1.8.0.172-9.b11.fc28.x86_64/jre/lib/amd64/jli/libjli.so
7effdeae5000-7effdeae6000 rw-p 00000000 00:00 0 
7effdeae6000-7effdeafc000 r-xp 00000000 08:02 6434861                    /usr/lib64/libz.so.1.2.11
7effdeafc000-7effdecfb000 ---p 00016000 08:02 6434861                    /usr/lib64/libz.so.1.2.11
7effdecfb000-7effdecfc000 r--p 00015000 08:02 6434861                    /usr/lib64/libz.so.1.2.11
7effdecfc000-7effdecfd000 rw-p 00000000 00:00 0 
7effdecfd000-7effded16000 r-xp 00000000 08:02 6434474                    /usr/lib64/libpthread-2.27.so
7effded16000-7effdef16000 ---p 00019000 08:02 6434474                    /usr/lib64/libpthread-2.27.so
7effdef16000-7effdef17000 r--p 00019000 08:02 6434474                    /usr/lib64/libpthread-2.27.so
7effdef17000-7effdef18000 rw-p 0001a000 08:02 6434474                    /usr/lib64/libpthread-2.27.so
7effdef18000-7effdef1c000 rw-p 00000000 00:00 0 
7effdef1c000-7effdef43000 r-xp 00000000 08:02 6437038                    /usr/lib64/ld-2.27.so
7effdef46000-7effdf024000 rw-p 00000000 00:00 0 
7effdf024000-7effdf025000 ---p 00000000 00:00 0 
7effdf025000-7effdf028000 ---p 00000000 00:00 0 
7effdf028000-7effdf129000 rw-p 00000000 00:00 0 
7effdf138000-7effdf140000 rw-s 00000000 00:2a 538681                     /tmp/hsperfdata_marcioaug/17521
7effdf140000-7effdf141000 rw-p 00000000 00:00 0 
7effdf141000-7effdf142000 r--p 00000000 00:00 0 
7effdf142000-7effdf143000 r--p 00026000 08:02 6437038                    /usr/lib64/ld-2.27.so
7effdf143000-7effdf144000 rw-p 00027000 08:02 6437038                    /usr/lib64/ld-2.27.so
7effdf144000-7effdf145000 rw-p 00000000 00:00 0 
7ffe85c89000-7ffe85caa000 rw-p 00000000 00:00 0                          [stack]
7ffe85caa000-7ffe85cad000 r--p 00000000 00:00 0                          [vvar]
7ffe85cad000-7ffe85caf000 r-xp 00000000 00:00 0                          [vdso]
ffffffffff600000-ffffffffff601000 r-xp 00000000 00:00 0                  [vsyscall]

VM Arguments:
jvm_args: -Dmajor.export.context=true -Dmajor.export.mutants=true -Dmajor.export.directory=/home/marcioaug/Projects/hunor/example/relational/mutants/mujava/.tmp -Xbootclasspath/p:/home/marcioaug/Projects/hunor/hunor/tools/bin/major/bin/../lib/javac.jar 
java_command: /home/marcioaug/Projects/hunor/hunor/tools/bin/major/bin/../lib/javac.jar -XMutator:ALL -cp /home/marcioaug/Projects/hunor/example/relational/target/classes:/home/marcioaug/Tools/java/jdk1.7.0_80/jre/lib/rt.jar -d /home/marcioaug/Projects/hunor/example/relational/mutants/mujava/.tmp/target/classes br/ufal/ic/masg/operations/LessOrEqualThan.java
java_class_path (initial): /home/marcioaug/Projects/hunor/hunor/tools/bin/major/bin/../lib/javac.jar
Launcher Type: SUN_STANDARD

Environment Variables:

Signal Handlers:
SIGSEGV: [libjvm.so+0xae32d0], sa_mask[0]=11111111011111111101111111111110, sa_flags=SA_RESTART|SA_SIGINFO
SIGBUS: [libjvm.so+0xae32d0], sa_mask[0]=11111111011111111101111111111110, sa_flags=SA_RESTART|SA_SIGINFO
SIGFPE: [libjvm.so+0x8d1e70], sa_mask[0]=11111111011111111101111111111110, sa_flags=SA_RESTART|SA_SIGINFO
SIGPIPE: [libjvm.so+0x8d1e70], sa_mask[0]=11111111011111111101111111111110, sa_flags=SA_RESTART|SA_SIGINFO
SIGXFSZ: [libjvm.so+0x8d1e70], sa_mask[0]=11111111011111111101111111111110, sa_flags=SA_RESTART|SA_SIGINFO
SIGILL: [libjvm.so+0x8d1e70], sa_mask[0]=11111111011111111101111111111110, sa_flags=SA_RESTART|SA_SIGINFO
SIGUSR1: SIG_DFL, sa_mask[0]=00000000000000000000000000000000, sa_flags=none
SIGUSR2: [libjvm.so+0x8d1d00], sa_mask[0]=00100000000000000000000000000000, sa_flags=SA_RESTART|SA_SIGINFO
SIGHUP: SIG_DFL, sa_mask[0]=00000000000000000000000000000000, sa_flags=none
SIGINT: SIG_DFL, sa_mask[0]=00000000000000000000000000000000, sa_flags=none
SIGTERM: SIG_DFL, sa_mask[0]=00000000000000000000000000000000, sa_flags=none
SIGQUIT: SIG_DFL, sa_mask[0]=00000000000000000000000000000000, sa_flags=none


---------------  S Y S T E M  ---------------

OS:Fedora release 28 (Twenty Eight)

uname:Linux 4.17.2-200.fc28.x86_64 #1 SMP Mon Jun 18 20:09:31 UTC 2018 x86_64
libc:glibc 2.27 NPTL 2.27 
rlimit: STACK 8192k, CORE infinity, NPROC 128260, NOFILE 4096, AS infinity
load average:0.45 0.47 0.42

/proc/meminfo:
MemTotal:       32860376 kB
MemFree:        23265200 kB
MemAvailable:   27659516 kB
Buffers:          548320 kB
Cached:          3214760 kB
SwapCached:            0 kB
Active:          5501520 kB
Inactive:        3218712 kB
Active(anon):    3947452 kB
Inactive(anon):   314880 kB
Active(file):    1554068 kB
Inactive(file):  2903832 kB
Unevictable:          16 kB
Mlocked:              16 kB
SwapTotal:       3743740 kB
SwapFree:        3743740 kB
Dirty:             62020 kB
Writeback:             4 kB
AnonPages:       4957072 kB
Mapped:           844728 kB
Shmem:            316064 kB
Slab:             587156 kB
SReclaimable:     401156 kB
SUnreclaim:       186000 kB
KernelStack:       17364 kB
PageTables:        67680 kB
NFS_Unstable:          0 kB
Bounce:                0 kB
WritebackTmp:          0 kB
CommitLimit:    20173928 kB
Committed_AS:   12919276 kB
VmallocTotal:   34359738367 kB
VmallocUsed:           0 kB
VmallocChunk:          0 kB
HardwareCorrupted:     0 kB
AnonHugePages:         0 kB
ShmemHugePages:        0 kB
ShmemPmdMapped:        0 kB
CmaTotal:              0 kB
CmaFree:               0 kB
HugePages_Total:       0
HugePages_Free:        0
HugePages_Rsvd:        0
HugePages_Surp:        0
Hugepagesize:       2048 kB
Hugetlb:               0 kB
DirectMap4k:      423180 kB
DirectMap2M:    12081152 kB
DirectMap1G:    20971520 kB


CPU:total 8 (initial active 8) (4 cores per cpu, 2 threads per core) family 6 model 94 stepping 3, cmov, cx8, fxsr, mmx, sse, sse2, sse3, ssse3, sse4.1, sse4.2, popcnt, avx, avx2, aes, clmul, erms, rtm, 3dnowpref, lzcnt, ht, tsc, tscinvbit, bmi1, bmi2, adx

/proc/cpuinfo:
processor	: 0
vendor_id	: GenuineIntel
cpu family	: 6
model		: 94
model name	: Intel(R) Core(TM) i7-6700 CPU @ 3.40GHz
stepping	: 3
microcode	: 0xc2
cpu MHz		: 3796.499
cache size	: 8192 KB
physical id	: 0
siblings	: 8
core id		: 0
cpu cores	: 4
apicid		: 0
initial apicid	: 0
fpu		: yes
fpu_exception	: yes
cpuid level	: 22
wp		: yes
flags		: fpu vme de pse tsc msr pae mce cx8 apic sep mtrr pge mca cmov pat pse36 clflush dts acpi mmx fxsr sse sse2 ss ht tm pbe syscall nx pdpe1gb rdtscp lm constant_tsc art arch_perfmon pebs bts rep_good nopl xtopology nonstop_tsc cpuid aperfmperf tsc_known_freq pni pclmulqdq dtes64 monitor ds_cpl vmx smx est tm2 ssse3 sdbg fma cx16 xtpr pdcm pcid sse4_1 sse4_2 x2apic movbe popcnt tsc_deadline_timer aes xsave avx f16c rdrand lahf_lm abm 3dnowprefetch cpuid_fault invpcid_single pti ibrs ibpb stibp tpr_shadow vnmi flexpriority ept vpid fsgsbase tsc_adjust bmi1 hle avx2 smep bmi2 erms invpcid rtm mpx rdseed adx smap clflushopt intel_pt xsaveopt xsavec xgetbv1 xsaves dtherm ida arat pln pts hwp hwp_notify hwp_act_window hwp_epp
bugs		: cpu_meltdown spectre_v1 spectre_v2 spec_store_bypass
bogomips	: 6816.00
clflush size	: 64
cache_alignment	: 64
address sizes	: 39 bits physical, 48 bits virtual
power management:

processor	: 1
vendor_id	: GenuineIntel
cpu family	: 6
model		: 94
model name	: Intel(R) Core(TM) i7-6700 CPU @ 3.40GHz
stepping	: 3
microcode	: 0xc2
cpu MHz		: 3762.055
cache size	: 8192 KB
physical id	: 0
siblings	: 8
core id		: 1
cpu cores	: 4
apicid		: 2
initial apicid	: 2
fpu		: yes
fpu_exception	: yes
cpuid level	: 22
wp		: yes
flags		: fpu vme de pse tsc msr pae mce cx8 apic sep mtrr pge mca cmov pat pse36 clflush dts acpi mmx fxsr sse sse2 ss ht tm pbe syscall nx pdpe1gb rdtscp lm constant_tsc art arch_perfmon pebs bts rep_good nopl xtopology nonstop_tsc cpuid aperfmperf tsc_known_freq pni pclmulqdq dtes64 monitor ds_cpl vmx smx est tm2 ssse3 sdbg fma cx16 xtpr pdcm pcid sse4_1 sse4_2 x2apic movbe popcnt tsc_deadline_timer aes xsave avx f16c rdrand lahf_lm abm 3dnowprefetch cpuid_fault invpcid_single pti ibrs ibpb stibp tpr_shadow vnmi flexpriority ept vpid fsgsbase tsc_adjust bmi1 hle avx2 smep bmi2 erms invpcid rtm mpx rdseed adx smap clflushopt intel_pt xsaveopt xsavec xgetbv1 xsaves dtherm ida arat pln pts hwp hwp_notify hwp_act_window hwp_epp
bugs		: cpu_meltdown spectre_v1 spectre_v2 spec_store_bypass
bogomips	: 6816.00
clflush size	: 64
cache_alignment	: 64
address sizes	: 39 bits physical, 48 bits virtual
power management:

processor	: 2
vendor_id	: GenuineIntel
cpu family	: 6
model		: 94
model name	: Intel(R) Core(TM) i7-6700 CPU @ 3.40GHz
stepping	: 3
microcode	: 0xc2
cpu MHz		: 3735.215
cache size	: 8192 KB
physical id	: 0
siblings	: 8
core id		: 2
cpu cores	: 4
apicid		: 4
initial apicid	: 4
fpu		: yes
fpu_exception	: yes
cpuid level	: 22
wp		: yes
flags		: fpu vme de pse tsc msr pae mce cx8 apic sep mtrr pge mca cmov pat pse36 clflush dts acpi mmx fxsr sse sse2 ss ht tm pbe syscall nx pdpe1gb rdtscp lm constant_tsc art arch_perfmon pebs bts rep_good nopl xtopology nonstop_tsc cpuid aperfmperf tsc_known_freq pni pclmulqdq dtes64 monitor ds_cpl vmx smx est tm2 ssse3 sdbg fma cx16 xtpr pdcm pcid sse4_1 sse4_2 x2apic movbe popcnt tsc_deadline_timer aes xsave avx f16c rdrand lahf_lm abm 3dnowprefetch cpuid_fault invpcid_single pti ibrs ibpb stibp tpr_shadow vnmi flexpriority ept vpid fsgsbase tsc_adjust bmi1 hle avx2 smep bmi2 erms invpcid rtm mpx rdseed adx smap clflushopt intel_pt xsaveopt xsavec xgetbv1 xsaves dtherm ida arat pln pts hwp hwp_notify hwp_act_window hwp_epp
bugs		: cpu_meltdown spectre_v1 spectre_v2 spec_store_bypass
bogomips	: 6816.00
clflush size	: 64
cache_alignment	: 64
address sizes	: 39 bits physical, 48 bits virtual
power management:

processor	: 3
vendor_id	: GenuineIntel
cpu family	: 6
model		: 94
model name	: Intel(R) Core(TM) i7-6700 CPU @ 3.40GHz
stepping	: 3
microcode	: 0xc2
cpu MHz		: 3785.106
cache size	: 8192 KB
physical id	: 0
siblings	: 8
core id		: 3
cpu cores	: 4
apicid		: 6
initial apicid	: 6
fpu		: yes
fpu_exception	: yes
cpuid level	: 22
wp		: yes
flags		: fpu vme de pse tsc msr pae mce cx8 apic sep mtrr pge mca cmov pat pse36 clflush dts acpi mmx fxsr sse sse2 ss ht tm pbe syscall nx pdpe1gb rdtscp lm constant_tsc art arch_perfmon pebs bts rep_good nopl xtopology nonstop_tsc cpuid aperfmperf tsc_known_freq pni pclmulqdq dtes64 monitor ds_cpl vmx smx est tm2 ssse3 sdbg fma cx16 xtpr pdcm pcid sse4_1 sse4_2 x2apic movbe popcnt tsc_deadline_timer aes xsave avx f16c rdrand lahf_lm abm 3dnowprefetch cpuid_fault invpcid_single pti ibrs ibpb stibp tpr_shadow vnmi flexpriority ept vpid fsgsbase tsc_adjust bmi1 hle avx2 smep bmi2 erms invpcid rtm mpx rdseed adx smap clflushopt intel_pt xsaveopt xsavec xgetbv1 xsaves dtherm ida arat pln pts hwp hwp_notify hwp_act_window hwp_epp
bugs		: cpu_meltdown spectre_v1 spectre_v2 spec_store_bypass
bogomips	: 6816.00
clflush size	: 64
cache_alignment	: 64
address sizes	: 39 bits physical, 48 bits virtual
power management:

processor	: 4
vendor_id	: GenuineIntel
cpu family	: 6
model		: 94
model name	: Intel(R) Core(TM) i7-6700 CPU @ 3.40GHz
stepping	: 3
microcode	: 0xc2
cpu MHz		: 3796.037
cache size	: 8192 KB
physical id	: 0
siblings	: 8
core id		: 0
cpu cores	: 4
apicid		: 1
initial apicid	: 1
fpu		: yes
fpu_exception	: yes
cpuid level	: 22
wp		: yes
flags		: fpu vme de pse tsc msr pae mce cx8 apic sep mtrr pge mca cmov pat pse36 clflush dts acpi mmx fxsr sse sse2 ss ht tm pbe syscall nx pdpe1gb rdtscp lm constant_tsc art arch_perfmon pebs bts rep_good nopl xtopology nonstop_tsc cpuid aperfmperf tsc_known_freq pni pclmulqdq dtes64 monitor ds_cpl vmx smx est tm2 ssse3 sdbg fma cx16 xtpr pdcm pcid sse4_1 sse4_2 x2apic movbe popcnt tsc_deadline_timer aes xsave avx f16c rdrand lahf_lm abm 3dnowprefetch cpuid_fault invpcid_single pti ibrs ibpb stibp tpr_shadow vnmi flexpriority ept vpid fsgsbase tsc_adjust bmi1 hle avx2 smep bmi2 erms invpcid rtm mpx rdseed adx smap clflushopt intel_pt xsaveopt xsavec xgetbv1 xsaves dtherm ida arat pln pts hwp hwp_notify hwp_act_window hwp_epp
bugs		: cpu_meltdown spectre_v1 spectre_v2 spec_store_bypass
bogomips	: 6816.00
clflush size	: 64
cache_alignment	: 64
address sizes	: 39 bits physical, 48 bits virtual
power management:

processor	: 5
vendor_id	: GenuineIntel
cpu family	: 6
model		: 94
model name	: Intel(R) Core(TM) i7-6700 CPU @ 3.40GHz
stepping	: 3
microcode	: 0xc2
cpu MHz		: 3800.077
cache size	: 8192 KB
physical id	: 0
siblings	: 8
core id		: 1
cpu cores	: 4
apicid		: 3
initial apicid	: 3
fpu		: yes
fpu_exception	: yes
cpuid level	: 22
wp		: yes
flags		: fpu vme de pse tsc msr pae mce cx8 apic sep mtrr pge mca cmov pat pse36 clflush dts acpi mmx fxsr sse sse2 ss ht tm pbe syscall nx pdpe1gb rdtscp lm constant_tsc art arch_perfmon pebs bts rep_good nopl xtopology nonstop_tsc cpuid aperfmperf tsc_known_freq pni pclmulqdq dtes64 monitor ds_cpl vmx smx est tm2 ssse3 sdbg fma cx16 xtpr pdcm pcid sse4_1 sse4_2 x2apic movbe popcnt tsc_deadline_timer aes xsave avx f16c rdrand lahf_lm abm 3dnowprefetch cpuid_fault invpcid_single pti ibrs ibpb stibp tpr_shadow vnmi flexpriority ept vpid fsgsbase tsc_adjust bmi1 hle avx2 smep bmi2 erms invpcid rtm mpx rdseed adx smap clflushopt intel_pt xsaveopt xsavec xgetbv1 xsaves dtherm ida arat pln pts hwp hwp_notify hwp_act_window hwp_epp
bugs		: cpu_meltdown spectre_v1 spectre_v2 spec_store_bypass
bogomips	: 6816.00
clflush size	: 64
cache_alignment	: 64
address sizes	: 39 bits physical, 48 bits virtual
power management:

processor	: 6
vendor_id	: GenuineIntel
cpu family	: 6
model		: 94
model name	: Intel(R) Core(TM) i7-6700 CPU @ 3.40GHz
stepping	: 3
microcode	: 0xc2
cpu MHz		: 3797.191
cache size	: 8192 KB
physical id	: 0
siblings	: 8
core id		: 2
cpu cores	: 4
apicid		: 5
initial apicid	: 5
fpu		: yes
fpu_exception	: yes
cpuid level	: 22
wp		: yes
flags		: fpu vme de pse tsc msr pae mce cx8 apic sep mtrr pge mca cmov pat pse36 clflush dts acpi mmx fxsr sse sse2 ss ht tm pbe syscall nx pdpe1gb rdtscp lm constant_tsc art arch_perfmon pebs bts rep_good nopl xtopology nonstop_tsc cpuid aperfmperf tsc_known_freq pni pclmulqdq dtes64 monitor ds_cpl vmx smx est tm2 ssse3 sdbg fma cx16 xtpr pdcm pcid sse4_1 sse4_2 x2apic movbe popcnt tsc_deadline_timer aes xsave avx f16c rdrand lahf_lm abm 3dnowprefetch cpuid_fault invpcid_single pti ibrs ibpb stibp tpr_shadow vnmi flexpriority ept vpid fsgsbase tsc_adjust bmi1 hle avx2 smep bmi2 erms invpcid rtm mpx rdseed adx smap clflushopt intel_pt xsaveopt xsavec xgetbv1 xsaves dtherm ida arat pln pts hwp hwp_notify hwp_act_window hwp_epp
bugs		: cpu_meltdown spectre_v1 spectre_v2 spec_store_bypass
bogomips	: 6816.00
clflush size	: 64
cache_alignment	: 64
address sizes	: 39 bits physical, 48 bits virtual
power management:

processor	: 7
vendor_id	: GenuineIntel
cpu family	: 6
model		: 94
model name	: Intel(R) Core(TM) i7-6700 CPU @ 3.40GHz
stepping	: 3
microcode	: 0xc2
cpu MHz		: 3785.038
cache size	: 8192 KB
physical id	: 0
siblings	: 8
core id		: 3
cpu cores	: 4
apicid		: 7
initial apicid	: 7
fpu		: yes
fpu_exception	: yes
cpuid level	: 22
wp		: yes
flags		: fpu vme de pse tsc msr pae mce cx8 apic sep mtrr pge mca cmov pat pse36 clflush dts acpi mmx fxsr sse sse2 ss ht tm pbe syscall nx pdpe1gb rdtscp lm constant_tsc art arch_perfmon pebs bts rep_good nopl xtopology nonstop_tsc cpuid aperfmperf tsc_known_freq pni pclmulqdq dtes64 monitor ds_cpl vmx smx est tm2 ssse3 sdbg fma cx16 xtpr pdcm pcid sse4_1 sse4_2 x2apic movbe popcnt tsc_deadline_timer aes xsave avx f16c rdrand lahf_lm abm 3dnowprefetch cpuid_fault invpcid_single pti ibrs ibpb stibp tpr_shadow vnmi flexpriority ept vpid fsgsbase tsc_adjust bmi1 hle avx2 smep bmi2 erms invpcid rtm mpx rdseed adx smap clflushopt intel_pt xsaveopt xsavec xgetbv1 xsaves dtherm ida arat pln pts hwp hwp_notify hwp_act_window hwp_epp
bugs		: cpu_meltdown spectre_v1 spectre_v2 spec_store_bypass
bogomips	: 6816.00
clflush size	: 64
cache_alignment	: 64
address sizes	: 39 bits physical, 48 bits virtual
power management:



Memory: 4k page, physical 32860376k(23265068k free), swap 3743740k(3743740k free)

vm_info: OpenJDK 64-Bit Server VM (25.172-b11) for linux-amd64 JRE (1.8.0_172-b11), built on Jun 18 2018 16:05:57 by "mockbuild" with gcc 8.1.1 20180502 (Red Hat 8.1.1-1)

time: Wed Oct  3 16:55:15 2018
elapsed time: 0 seconds (0d 0h 0m 0s)

