#
# A fatal error has been detected by the Java Runtime Environment:
#
#  SIGSEGV (0xb) at pc=0x00007feede3d7512, pid=17796, tid=0x00007feedf6f2700
#
# JRE version:  (8.0_172-b11) (build )
# Java VM: OpenJDK 64-Bit Server VM (25.172-b11 mixed mode linux-amd64 compressed oops)
# Problematic frame:
# V  [libjvm.so+0xaa7512]
#
# Core dump written. Default location: /home/marcioaug/Projects/hunor/example/relational/src/main/java/core or core.17796
#
# If you would like to submit a bug report, please visit:
#   http://bugreport.java.com/bugreport/crash.jsp
#

---------------  T H R E A D  ---------------

Current thread (0x00007feed804d000):  JavaThread "Unknown thread" [_thread_in_vm, id=17798, stack(0x00007feedf5f3000,0x00007feedf6f3000)]

siginfo: si_signo: 11 (SIGSEGV), si_code: 1 (SEGV_MAPERR), si_addr: 0x0000000000000008

Registers:
RAX=0x0000000000000000, RBX=0x0000000000000001, RCX=0x00000007c000ce08, RDX=0x00007feed806e9f0
RSP=0x00007feedf6f1b20, RBP=0x00007feedf6f1bd0, RSI=0x00007feedc02ab70, RDI=0x00007feec55df928
R8 =0x0000000000000002, R9 =0x000000000000001d, R10=0x00011ce9f15d5452, R11=0x0000000000000001
R12=0x00007feedf6f1b60, R13=0x00007feedf6f1b50, R14=0x00007feede8c74e0, R15=0x00007feede8de2a0
RIP=0x00007feede3d7512, EFLAGS=0x0000000000010246, CSGSFS=0x002b000000000033, ERR=0x0000000000000004
  TRAPNO=0x000000000000000e

Top of Stack: (sp=0x00007feedf6f1b20)
0x00007feedf6f1b20:   00000000000003d8 00007fee00000003
0x00007feedf6f1b30:   00007feedf6f1b58 00000007c0004eb8
0x00007feedf6f1b40:   00007feede493549 00007feed804d000
0x00007feedf6f1b50:   00007feed804d000 00007feed804fe28
0x00007feedf6f1b60:   00007feed804d000 00007feed804dcc0
0x00007feedf6f1b70:   00007feed804fae0 00007feed804fca8
0x00007feedf6f1b80:   00007feed8057ac8 00000000000080b0
0x00007feedf6f1b90:   00007feedf6f1be0 7ddd2180f0750d00
0x00007feedf6f1ba0:   00000000000000fa 0000000000000000
0x00007feedf6f1bb0:   00007feedf6f1be0 00007feedf6f1def
0x00007feedf6f1bc0:   00007feedf6f1cb0 0000000000000000
0x00007feedf6f1bd0:   00007feedf6f1c30 00007feeddf5b9ea
0x00007feedf6f1be0:   00007feed804d000 00007feed804dcc0
0x00007feedf6f1bf0:   00007feed804dd00 00007feed804dd10
0x00007feedf6f1c00:   00007feed804dde8 00000000000000d8
0x00007feedf6f1c10:   00007feed804def0 7ddd2180f0750d00
0x00007feedf6f1c20:   00007feed804d000 00007feedf6f1ce0
0x00007feedf6f1c30:   00007feedf6f1dc0 00007feede3bbcea
0x00007feedf6f1c40:   0000000000000000 0000000000000000
0x00007feedf6f1c50:   0000000000000000 0000000000000000
0x00007feedf6f1c60:   0000000000000000 0000000000000000
0x00007feedf6f1c70:   0000000000000000 0000000000000000
0x00007feedf6f1c80:   0000000000000000 0000000000000000
0x00007feedf6f1c90:   0000000000000000 0000000000000000
0x00007feedf6f1ca0:   0000000000000000 0000000000000000
0x00007feedf6f1cb0:   0000000000000001 000001663b7fb413
0x00007feedf6f1cc0:   0000000000000000 0000000000000000
0x00007feedf6f1cd0:   0000000000000000 0000000000000000
0x00007feedf6f1ce0:   0000000000000100 0000000000000000
0x00007feedf6f1cf0:   0000000000000000 0000000000000000
0x00007feedf6f1d00:   0000000000000000 0000000000000000
0x00007feedf6f1d10:   0000000000000000 0000000000000000 

Instructions: (pc=0x00007feede3d7512)
0x00007feede3d74f2:   01 00 00 48 8d 0d f4 51 4b 00 48 8b 15 fd 48 50
0x00007feede3d7502:   00 80 39 00 75 0a 49 8b 8e f0 01 00 00 48 89 0a
0x00007feede3d7512:   48 8b 40 08 48 8b b5 78 ff ff ff 0f b7 40 26 89
0x00007feede3d7522:   42 08 49 8b 7e 28 e8 43 9a b9 ff 48 8b 85 78 ff 

Register to memory mapping:

RAX=0x0000000000000000 is an unknown value
RBX=0x0000000000000001 is an unknown value
RCX=0x00000007c000ce08 is pointing into metadata
RDX=0x00007feed806e9f0 is an unknown value
RSP=0x00007feedf6f1b20 is an unknown value
RBP=0x00007feedf6f1bd0 is an unknown value
RSI=0x00007feedc02ab70 is an unknown value
RDI=0x00007feec55df928 is pointing into metadata
R8 =0x0000000000000002 is an unknown value
R9 =0x000000000000001d is an unknown value
R10=0x00011ce9f15d5452 is an unknown value
R11=0x0000000000000001 is an unknown value
R12=0x00007feedf6f1b60 is an unknown value
R13=0x00007feedf6f1b50 is an unknown value
R14=0x00007feede8c74e0: <offset 0xf974e0> in /usr/lib/jvm/java-1.8.0-openjdk-1.8.0.172-9.b11.fc28.x86_64/jre/lib/amd64/server/libjvm.so at 0x00007feedd930000
R15=0x00007feede8de2a0: <offset 0xfae2a0> in /usr/lib/jvm/java-1.8.0-openjdk-1.8.0.172-9.b11.fc28.x86_64/jre/lib/amd64/server/libjvm.so at 0x00007feedd930000


Stack: [0x00007feedf5f3000,0x00007feedf6f3000],  sp=0x00007feedf6f1b20,  free space=1018k
Native frames: (J=compiled Java code, j=interpreted, Vv=VM code, C=native code)
V  [libjvm.so+0xaa7512]
V  [libjvm.so+0x62b9ea]
V  [libjvm.so+0xa8bcea]
V  [libjvm.so+0x6a6f05]  JNI_CreateJavaVM+0x65
C  [libjli.so+0x2f42]
C  [libpthread.so.0+0x7594]  start_thread+0xe4


---------------  P R O C E S S  ---------------

Java Threads: ( => current thread )

Other Threads:

=>0x00007feed804d000 (exited) JavaThread "Unknown thread" [_thread_in_vm, id=17798, stack(0x00007feedf5f3000,0x00007feedf6f3000)]

VM state:not at safepoint (normal execution)

VM Mutex/Monitor currently owned by a thread: None

Heap:
 PSYoungGen      total 150016K, used 2580K [0x0000000718d80000, 0x0000000723480000, 0x00000007c0000000)
  eden space 129024K, 2% used [0x0000000718d80000,0x00000007190051f8,0x0000000720b80000)
  from space 20992K, 0% used [0x0000000722000000,0x0000000722000000,0x0000000723480000)
  to   space 20992K, 0% used [0x0000000720b80000,0x0000000720b80000,0x0000000722000000)
 ParOldGen       total 343040K, used 0K [0x00000005ca800000, 0x00000005df700000, 0x0000000718d80000)
  object space 343040K, 0% used [0x00000005ca800000,0x00000005ca800000,0x00000005df700000)
 Metaspace       used 698K, capacity 4480K, committed 4480K, reserved 1056768K
  class space    used 71K, capacity 384K, committed 384K, reserved 1048576K

Card table byte_map: [0x00007feec7c93000,0x00007feec8c40000] byte_map_base: 0x00007feec4e3f000

Marking Bits: (ParMarkBitMap*) 0x00007feede8c59c0
 Begin Bits: [0x00007fee80540000, 0x00007fee882a0000)
 End Bits:   [0x00007fee882a0000, 0x00007fee90000000)

Polling page: 0x00007feedf70f000

CodeCache: size=245760Kb used=325Kb max_used=325Kb free=245434Kb
 bounds [0x00007feec9000000, 0x00007feec9270000, 0x00007feed8000000]
 total_blobs=52 nmethods=0 adapters=34
 compilation: enabled

Compilation events (0 events):
No events

GC Heap History (0 events):
No events

Deoptimization events (0 events):
No events

Classes redefined (0 events):
No events

Internal exceptions (0 events):
No events

Events (214 events):
Event: 0.004 loading class java/lang/Object
Event: 0.005 loading class java/lang/Object done
Event: 0.005 loading class java/lang/String
Event: 0.005 loading class java/io/Serializable
Event: 0.005 loading class java/io/Serializable done
Event: 0.005 loading class java/lang/Comparable
Event: 0.005 loading class java/lang/Comparable done
Event: 0.005 loading class java/lang/CharSequence
Event: 0.005 loading class java/lang/CharSequence done
Event: 0.005 loading class java/lang/String done
Event: 0.005 loading class java/lang/Class
Event: 0.005 loading class java/lang/reflect/GenericDeclaration
Event: 0.005 loading class java/lang/reflect/GenericDeclaration done
Event: 0.005 loading class java/lang/reflect/Type
Event: 0.005 loading class java/lang/reflect/Type done
Event: 0.005 loading class java/lang/reflect/AnnotatedElement
Event: 0.005 loading class java/lang/reflect/AnnotatedElement done
Event: 0.005 loading class java/lang/Class done
Event: 0.005 loading class java/lang/Cloneable
Event: 0.005 loading class java/lang/Cloneable done
Event: 0.005 loading class java/lang/ClassLoader
Event: 0.006 loading class java/lang/ClassLoader done
Event: 0.006 loading class java/lang/System
Event: 0.006 loading class java/lang/System done
Event: 0.006 loading class java/lang/Throwable
Event: 0.006 loading class java/lang/Throwable done
Event: 0.006 loading class java/lang/Error
Event: 0.006 loading class java/lang/Error done
Event: 0.006 loading class java/lang/ThreadDeath
Event: 0.006 loading class java/lang/ThreadDeath done
Event: 0.006 loading class java/lang/Exception
Event: 0.006 loading class java/lang/Exception done
Event: 0.006 loading class java/lang/RuntimeException
Event: 0.006 loading class java/lang/RuntimeException done
Event: 0.006 loading class java/lang/SecurityManager
Event: 0.006 loading class java/lang/SecurityManager done
Event: 0.006 loading class java/security/ProtectionDomain
Event: 0.006 loading class java/security/ProtectionDomain done
Event: 0.006 loading class java/security/AccessControlContext
Event: 0.006 loading class java/security/AccessControlContext done
Event: 0.006 loading class java/security/SecureClassLoader
Event: 0.006 loading class java/security/SecureClassLoader done
Event: 0.006 loading class java/lang/ClassNotFoundException
Event: 0.006 loading class java/lang/ReflectiveOperationException
Event: 0.006 loading class java/lang/ReflectiveOperationException done
Event: 0.006 loading class java/lang/ClassNotFoundException done
Event: 0.006 loading class java/lang/NoClassDefFoundError
Event: 0.006 loading class java/lang/LinkageError
Event: 0.006 loading class java/lang/LinkageError done
Event: 0.006 loading class java/lang/NoClassDefFoundError done
Event: 0.006 loading class java/lang/ClassCastException
Event: 0.006 loading class java/lang/ClassCastException done
Event: 0.006 loading class java/lang/ArrayStoreException
Event: 0.006 loading class java/lang/ArrayStoreException done
Event: 0.006 loading class java/lang/VirtualMachineError
Event: 0.006 loading class java/lang/VirtualMachineError done
Event: 0.006 loading class java/lang/OutOfMemoryError
Event: 0.006 loading class java/lang/OutOfMemoryError done
Event: 0.006 loading class java/lang/StackOverflowError
Event: 0.006 loading class java/lang/StackOverflowError done
Event: 0.006 loading class java/lang/IllegalMonitorStateException
Event: 0.006 loading class java/lang/IllegalMonitorStateException done
Event: 0.006 loading class java/lang/ref/Reference
Event: 0.006 loading class java/lang/ref/Reference done
Event: 0.006 loading class java/lang/ref/SoftReference
Event: 0.006 loading class java/lang/ref/SoftReference done
Event: 0.006 loading class java/lang/ref/WeakReference
Event: 0.006 loading class java/lang/ref/WeakReference done
Event: 0.006 loading class java/lang/ref/FinalReference
Event: 0.006 loading class java/lang/ref/FinalReference done
Event: 0.006 loading class java/lang/ref/PhantomReference
Event: 0.006 loading class java/lang/ref/PhantomReference done
Event: 0.006 loading class sun/misc/Cleaner
Event: 0.006 loading class sun/misc/Cleaner done
Event: 0.006 loading class java/lang/ref/Finalizer
Event: 0.006 loading class java/lang/ref/Finalizer done
Event: 0.006 loading class java/lang/ref/ReferenceQueue
Event: 0.006 loading class java/lang/ref/ReferenceQueue done
Event: 0.006 loading class java/lang/Thread
Event: 0.006 loading class java/lang/Runnable
Event: 0.006 loading class java/lang/Runnable done
Event: 0.006 loading class java/lang/Thread done
Event: 0.006 loading class java/lang/ThreadGroup
Event: 0.006 loading class java/lang/Thread$UncaughtExceptionHandler
Event: 0.006 loading class java/lang/Thread$UncaughtExceptionHandler done
Event: 0.006 loading class java/lang/ThreadGroup done
Event: 0.006 loading class java/util/Properties
Event: 0.006 loading class java/util/Hashtable
Event: 0.006 loading class java/util/Map
Event: 0.006 loading class java/util/Map done
Event: 0.006 loading class java/util/Dictionary
Event: 0.006 loading class java/util/Dictionary done
Event: 0.006 loading class java/util/Hashtable done
Event: 0.006 loading class java/util/Properties done
Event: 0.006 loading class java/lang/reflect/AccessibleObject
Event: 0.006 loading class java/lang/reflect/AccessibleObject done
Event: 0.006 loading class java/lang/reflect/Field
Event: 0.006 loading class java/lang/reflect/Member
Event: 0.006 loading class java/lang/reflect/Member done
Event: 0.007 loading class java/lang/reflect/Field done
Event: 0.007 loading class java/lang/reflect/Parameter
Event: 0.007 loading class java/lang/reflect/Parameter done
Event: 0.007 loading class java/lang/reflect/Method
Event: 0.007 loading class java/lang/reflect/Method done
Event: 0.007 loading class java/lang/reflect/Constructor
Event: 0.007 loading class java/lang/reflect/Constructor done
Event: 0.007 loading class sun/reflect/MagicAccessorImpl
Event: 0.007 loading class sun/reflect/MagicAccessorImpl done
Event: 0.007 loading class sun/reflect/MethodAccessorImpl
Event: 0.007 loading class sun/reflect/MethodAccessor
Event: 0.007 loading class sun/reflect/MethodAccessor done
Event: 0.007 loading class sun/reflect/MethodAccessorImpl done
Event: 0.007 loading class sun/reflect/ConstructorAccessorImpl
Event: 0.007 loading class sun/reflect/ConstructorAccessor
Event: 0.007 loading class sun/reflect/ConstructorAccessor done
Event: 0.007 loading class sun/reflect/ConstructorAccessorImpl done
Event: 0.007 loading class sun/reflect/DelegatingClassLoader
Event: 0.007 loading class sun/reflect/DelegatingClassLoader done
Event: 0.007 loading class sun/reflect/ConstantPool
Event: 0.007 loading class sun/reflect/ConstantPool done
Event: 0.007 loading class sun/reflect/UnsafeStaticFieldAccessorImpl
Event: 0.007 loading class sun/reflect/UnsafeFieldAccessorImpl
Event: 0.007 loading class sun/reflect/FieldAccessorImpl
Event: 0.007 loading class sun/reflect/FieldAccessor
Event: 0.007 loading class sun/reflect/FieldAccessor done
Event: 0.007 loading class sun/reflect/FieldAccessorImpl done
Event: 0.007 loading class sun/reflect/UnsafeFieldAccessorImpl done
Event: 0.007 loading class sun/reflect/UnsafeStaticFieldAccessorImpl done
Event: 0.007 loading class sun/reflect/CallerSensitive
Event: 0.007 loading class java/lang/annotation/Annotation
Event: 0.007 loading class java/lang/annotation/Annotation done
Event: 0.007 loading class sun/reflect/CallerSensitive done
Event: 0.007 loading class java/lang/invoke/DirectMethodHandle
Event: 0.007 loading class java/lang/invoke/MethodHandle
Event: 0.007 loading class java/lang/invoke/MethodHandle done
Event: 0.007 loading class java/lang/invoke/DirectMethodHandle done
Event: 0.007 loading class java/lang/invoke/MemberName
Event: 0.007 loading class java/lang/invoke/MemberName done
Event: 0.007 loading class java/lang/invoke/MethodHandleNatives
Event: 0.007 loading class java/lang/invoke/MethodHandleNatives done
Event: 0.007 loading class java/lang/invoke/LambdaForm
Event: 0.007 loading class java/lang/invoke/LambdaForm done
Event: 0.007 loading class java/lang/invoke/MethodType
Event: 0.007 loading class java/lang/invoke/MethodType done
Event: 0.007 loading class java/lang/BootstrapMethodError
Event: 0.007 loading class java/lang/BootstrapMethodError done
Event: 0.007 loading class java/lang/invoke/CallSite
Event: 0.007 loading class java/lang/invoke/CallSite done
Event: 0.007 loading class java/lang/invoke/ConstantCallSite
Event: 0.007 loading class java/lang/invoke/ConstantCallSite done
Event: 0.007 loading class java/lang/invoke/MutableCallSite
Event: 0.007 loading class java/lang/invoke/MutableCallSite done
Event: 0.007 loading class java/lang/invoke/VolatileCallSite
Event: 0.007 loading class java/lang/invoke/VolatileCallSite done
Event: 0.007 loading class java/lang/StringBuffer
Event: 0.008 loading class java/lang/AbstractStringBuilder
Event: 0.008 loading class java/lang/Appendable
Event: 0.008 loading class java/lang/Appendable done
Event: 0.008 loading class java/lang/AbstractStringBuilder done
Event: 0.008 loading class java/lang/StringBuffer done
Event: 0.008 loading class java/lang/StringBuilder
Event: 0.008 loading class java/lang/StringBuilder done
Event: 0.008 loading class sun/misc/Unsafe
Event: 0.008 loading class sun/misc/Unsafe done
Event: 0.008 loading class java/io/ByteArrayInputStream
Event: 0.008 loading class java/io/InputStream
Event: 0.008 loading class java/io/Closeable
Event: 0.008 loading class java/lang/AutoCloseable
Event: 0.008 loading class java/lang/AutoCloseable done
Event: 0.008 loading class java/io/Closeable done
Event: 0.008 loading class java/io/InputStream done
Event: 0.008 loading class java/io/ByteArrayInputStream done
Event: 0.008 loading class java/io/File
Event: 0.008 loading class java/io/File done
Event: 0.008 loading class java/net/URLClassLoader
Event: 0.008 loading class java/net/URLClassLoader done
Event: 0.008 loading class java/net/URL
Event: 0.008 loading class java/net/URL done
Event: 0.008 loading class java/util/jar/Manifest
Event: 0.008 loading class java/util/jar/Manifest done
Event: 0.008 loading class sun/misc/Launcher
Event: 0.008 loading class sun/misc/Launcher done
Event: 0.008 loading class sun/misc/Launcher$AppClassLoader
Event: 0.008 loading class sun/misc/Launcher$AppClassLoader done
Event: 0.008 loading class sun/misc/Launcher$ExtClassLoader
Event: 0.008 loading class sun/misc/Launcher$ExtClassLoader done
Event: 0.008 loading class java/security/CodeSource
Event: 0.008 loading class java/security/CodeSource done
Event: 0.008 loading class java/lang/StackTraceElement
Event: 0.008 loading class java/lang/StackTraceElement done
Event: 0.008 loading class java/nio/Buffer
Event: 0.008 loading class java/nio/Buffer done
Event: 0.008 loading class java/lang/Boolean
Event: 0.008 loading class java/lang/Boolean done
Event: 0.008 loading class java/lang/Character
Event: 0.008 loading class java/lang/Character done
Event: 0.008 loading class java/lang/Float
Event: 0.008 loading class java/lang/Number
Event: 0.008 loading class java/lang/Number done
Event: 0.008 loading class java/lang/Float done
Event: 0.008 loading class java/lang/Double
Event: 0.008 loading class java/lang/Double done
Event: 0.008 loading class java/lang/Byte
Event: 0.008 loading class java/lang/Byte done
Event: 0.008 loading class java/lang/Short
Event: 0.008 loading class java/lang/Short done
Event: 0.008 loading class java/lang/Integer
Event: 0.009 loading class java/lang/Integer done
Event: 0.009 loading class java/lang/Long
Event: 0.009 loading class java/lang/Long done
Event: 0.009 loading class java/lang/NullPointerException
Event: 0.009 loading class java/lang/NullPointerException done
Event: 0.009 loading class java/lang/ArithmeticException
Event: 0.009 loading class java/lang/ArithmeticException done


Dynamic libraries:
5ca800000-5df700000 rw-p 00000000 00:00 0 
5df700000-718d80000 ---p 00000000 00:00 0 
718d80000-723480000 rw-p 00000000 00:00 0 
723480000-7c0000000 ---p 00000000 00:00 0 
7c0000000-7c0060000 rw-p 00000000 00:00 0 
7c0060000-800000000 ---p 00000000 00:00 0 
56431ec4c000-56431ec4d000 r-xp 00000000 08:02 6558221                    /usr/lib/jvm/java-1.8.0-openjdk-1.8.0.172-9.b11.fc28.x86_64/jre/bin/java
56431ee4c000-56431ee4d000 r--p 00000000 08:02 6558221                    /usr/lib/jvm/java-1.8.0-openjdk-1.8.0.172-9.b11.fc28.x86_64/jre/bin/java
56431ee4d000-56431ee4e000 rw-p 00001000 08:02 6558221                    /usr/lib/jvm/java-1.8.0-openjdk-1.8.0.172-9.b11.fc28.x86_64/jre/bin/java
56431f8ef000-56431f910000 rw-p 00000000 00:00 0                          [heap]
7fee80540000-7fee90000000 rw-p 00000000 00:00 0 
7fee90000000-7fee90021000 rw-p 00000000 00:00 0 
7fee90021000-7fee94000000 ---p 00000000 00:00 0 
7fee94000000-7fee94021000 rw-p 00000000 00:00 0 
7fee94021000-7fee98000000 ---p 00000000 00:00 0 
7fee98000000-7fee98021000 rw-p 00000000 00:00 0 
7fee98021000-7fee9c000000 ---p 00000000 00:00 0 
7feea0000000-7feea0021000 rw-p 00000000 00:00 0 
7feea0021000-7feea4000000 ---p 00000000 00:00 0 
7feea8000000-7feea8021000 rw-p 00000000 00:00 0 
7feea8021000-7feeac000000 ---p 00000000 00:00 0 
7feeb0000000-7feeb0021000 rw-p 00000000 00:00 0 
7feeb0021000-7feeb4000000 ---p 00000000 00:00 0 
7feeb8000000-7feeb8021000 rw-p 00000000 00:00 0 
7feeb8021000-7feebc000000 ---p 00000000 00:00 0 
7feec0000000-7feec0021000 rw-p 00000000 00:00 0 
7feec0021000-7feec4000000 ---p 00000000 00:00 0 
7feec52ee000-7feec5339000 rw-p 00000000 00:00 0 
7feec5339000-7feec54f9000 r--s 039fb000 08:02 3942458                    /usr/lib/jvm/java-1.8.0-openjdk-1.8.0.172-9.b11.fc28.x86_64/jre/lib/rt.jar
7feec54f9000-7feec596f000 rw-p 00000000 00:00 0 
7feec596f000-7feec5d6f000 ---p 00000000 00:00 0 
7feec5d6f000-7feec6d1b000 rw-p 00000000 00:00 0 
7feec6d1b000-7feec6d1c000 ---p 00000000 00:00 0 
7feec6d1c000-7feec6e1c000 rw-p 00000000 00:00 0 
7feec6e1c000-7feec6e1d000 ---p 00000000 00:00 0 
7feec6e1d000-7feec6f1d000 rw-p 00000000 00:00 0 
7feec6f1d000-7feec6f1e000 ---p 00000000 00:00 0 
7feec6f1e000-7feec701e000 rw-p 00000000 00:00 0 
7feec701e000-7feec701f000 ---p 00000000 00:00 0 
7feec701f000-7feec711f000 rw-p 00000000 00:00 0 
7feec711f000-7feec7120000 ---p 00000000 00:00 0 
7feec7120000-7feec72c8000 rw-p 00000000 00:00 0 
7feec72c8000-7feec7c93000 ---p 00000000 00:00 0 
7feec7c93000-7feec7d3b000 rw-p 00000000 00:00 0 
7feec7d3b000-7feec8705000 ---p 00000000 00:00 0 
7feec8705000-7feec875a000 rw-p 00000000 00:00 0 
7feec875a000-7feec8c3f000 ---p 00000000 00:00 0 
7feec8c3f000-7feec8c4a000 rw-p 00000000 00:00 0 
7feec8c4a000-7feec9000000 ---p 00000000 00:00 0 
7feec9000000-7feec9270000 rwxp 00000000 00:00 0 
7feec9270000-7feed8000000 ---p 00000000 00:00 0 
7feed8000000-7feed810c000 rw-p 00000000 00:00 0 
7feed810c000-7feedc000000 ---p 00000000 00:00 0 
7feedc013000-7feedc028000 r--s 00149000 08:02 4724756                    /home/marcioaug/Projects/hunor/hunor/tools/bin/major/lib/javac.jar
7feedc028000-7feedc083000 rw-p 00000000 00:00 0 
7feedc083000-7feedc084000 ---p 00000000 00:00 0 
7feedc084000-7feedc184000 rw-p 00000000 00:00 0 
7feedc184000-7feedc185000 ---p 00000000 00:00 0 
7feedc185000-7feedc285000 rw-p 00000000 00:00 0 
7feedc285000-7feedc286000 ---p 00000000 00:00 0 
7feedc286000-7feedc386000 rw-p 00000000 00:00 0 
7feedc386000-7feedc38e000 r-xp 00000000 08:02 6558265                    /usr/lib/jvm/java-1.8.0-openjdk-1.8.0.172-9.b11.fc28.x86_64/jre/lib/amd64/libzip.so
7feedc38e000-7feedc58d000 ---p 00008000 08:02 6558265                    /usr/lib/jvm/java-1.8.0-openjdk-1.8.0.172-9.b11.fc28.x86_64/jre/lib/amd64/libzip.so
7feedc58d000-7feedc58e000 r--p 00007000 08:02 6558265                    /usr/lib/jvm/java-1.8.0-openjdk-1.8.0.172-9.b11.fc28.x86_64/jre/lib/amd64/libzip.so
7feedc58e000-7feedc58f000 rw-p 00000000 00:00 0 
7feedc58f000-7feedc59a000 r-xp 00000000 08:02 6434473                    /usr/lib64/libnss_files-2.27.so
7feedc59a000-7feedc799000 ---p 0000b000 08:02 6434473                    /usr/lib64/libnss_files-2.27.so
7feedc799000-7feedc79a000 r--p 0000a000 08:02 6434473                    /usr/lib64/libnss_files-2.27.so
7feedc79a000-7feedc79b000 rw-p 0000b000 08:02 6434473                    /usr/lib64/libnss_files-2.27.so
7feedc79b000-7feedc7a1000 rw-p 00000000 00:00 0 
7feedc7a1000-7feedc7a9000 r-xp 00000000 08:02 6438320                    /usr/lib64/libnss_sss.so.2
7feedc7a9000-7feedc9a8000 ---p 00008000 08:02 6438320                    /usr/lib64/libnss_sss.so.2
7feedc9a8000-7feedc9a9000 r--p 00007000 08:02 6438320                    /usr/lib64/libnss_sss.so.2
7feedc9a9000-7feedc9aa000 rw-p 00008000 08:02 6438320                    /usr/lib64/libnss_sss.so.2
7feedc9aa000-7feedc9d7000 r-xp 00000000 08:02 6558247                    /usr/lib/jvm/java-1.8.0-openjdk-1.8.0.172-9.b11.fc28.x86_64/jre/lib/amd64/libjava.so
7feedc9d7000-7feedcbd7000 ---p 0002d000 08:02 6558247                    /usr/lib/jvm/java-1.8.0-openjdk-1.8.0.172-9.b11.fc28.x86_64/jre/lib/amd64/libjava.so
7feedcbd7000-7feedcbd8000 r--p 0002d000 08:02 6558247                    /usr/lib/jvm/java-1.8.0-openjdk-1.8.0.172-9.b11.fc28.x86_64/jre/lib/amd64/libjava.so
7feedcbd8000-7feedcbd9000 rw-p 0002e000 08:02 6558247                    /usr/lib/jvm/java-1.8.0-openjdk-1.8.0.172-9.b11.fc28.x86_64/jre/lib/amd64/libjava.so
7feedcbd9000-7feedcbda000 rw-p 00000000 00:00 0 
7feedcbda000-7feedcbe7000 r-xp 00000000 08:02 6558264                    /usr/lib/jvm/java-1.8.0-openjdk-1.8.0.172-9.b11.fc28.x86_64/jre/lib/amd64/libverify.so
7feedcbe7000-7feedcde7000 ---p 0000d000 08:02 6558264                    /usr/lib/jvm/java-1.8.0-openjdk-1.8.0.172-9.b11.fc28.x86_64/jre/lib/amd64/libverify.so
7feedcde7000-7feedcde9000 r--p 0000d000 08:02 6558264                    /usr/lib/jvm/java-1.8.0-openjdk-1.8.0.172-9.b11.fc28.x86_64/jre/lib/amd64/libverify.so
7feedcde9000-7feedcdea000 rw-p 00000000 00:00 0 
7feedcdea000-7feedcdf1000 r-xp 00000000 08:02 6434580                    /usr/lib64/librt-2.27.so
7feedcdf1000-7feedcff0000 ---p 00007000 08:02 6434580                    /usr/lib64/librt-2.27.so
7feedcff0000-7feedcff1000 r--p 00006000 08:02 6434580                    /usr/lib64/librt-2.27.so
7feedcff1000-7feedcff2000 rw-p 00007000 08:02 6434580                    /usr/lib64/librt-2.27.so
7feedcff2000-7feedd009000 r-xp 00000000 08:02 6437069                    /usr/lib64/libgcc_s-8-20180502.so.1
7feedd009000-7feedd208000 ---p 00017000 08:02 6437069                    /usr/lib64/libgcc_s-8-20180502.so.1
7feedd208000-7feedd209000 r--p 00016000 08:02 6437069                    /usr/lib64/libgcc_s-8-20180502.so.1
7feedd209000-7feedd20a000 rw-p 00017000 08:02 6437069                    /usr/lib64/libgcc_s-8-20180502.so.1
7feedd20a000-7feedd39c000 r-xp 00000000 08:02 6434076                    /usr/lib64/libm-2.27.so
7feedd39c000-7feedd59c000 ---p 00192000 08:02 6434076                    /usr/lib64/libm-2.27.so
7feedd59c000-7feedd59d000 r--p 00192000 08:02 6434076                    /usr/lib64/libm-2.27.so
7feedd59d000-7feedd59e000 rw-p 00193000 08:02 6434076                    /usr/lib64/libm-2.27.so
7feedd59e000-7feedd720000 r-xp 00000000 08:02 6434656                    /usr/lib64/libstdc++.so.6.0.25
7feedd720000-7feedd920000 ---p 00182000 08:02 6434656                    /usr/lib64/libstdc++.so.6.0.25
7feedd920000-7feedd92a000 r--p 00182000 08:02 6434656                    /usr/lib64/libstdc++.so.6.0.25
7feedd92a000-7feedd92c000 rw-p 0018c000 08:02 6434656                    /usr/lib64/libstdc++.so.6.0.25
7feedd92c000-7feedd930000 rw-p 00000000 00:00 0 
7feedd930000-7feede5e7000 r-xp 00000000 08:02 6558269                    /usr/lib/jvm/java-1.8.0-openjdk-1.8.0.172-9.b11.fc28.x86_64/jre/lib/amd64/server/libjvm.so
7feede5e7000-7feede7e7000 ---p 00cb7000 08:02 6558269                    /usr/lib/jvm/java-1.8.0-openjdk-1.8.0.172-9.b11.fc28.x86_64/jre/lib/amd64/server/libjvm.so
7feede7e7000-7feede889000 r--p 00cb7000 08:02 6558269                    /usr/lib/jvm/java-1.8.0-openjdk-1.8.0.172-9.b11.fc28.x86_64/jre/lib/amd64/server/libjvm.so
7feede889000-7feede8b2000 rw-p 00d59000 08:02 6558269                    /usr/lib/jvm/java-1.8.0-openjdk-1.8.0.172-9.b11.fc28.x86_64/jre/lib/amd64/server/libjvm.so
7feede8b2000-7feede8e2000 rw-p 00000000 00:00 0 
7feede8e2000-7feedea97000 r-xp 00000000 08:02 6433921                    /usr/lib64/libc-2.27.so
7feedea97000-7feedec97000 ---p 001b5000 08:02 6433921                    /usr/lib64/libc-2.27.so
7feedec97000-7feedec9b000 r--p 001b5000 08:02 6433921                    /usr/lib64/libc-2.27.so
7feedec9b000-7feedec9d000 rw-p 001b9000 08:02 6433921                    /usr/lib64/libc-2.27.so
7feedec9d000-7feedeca1000 rw-p 00000000 00:00 0 
7feedeca1000-7feedeca4000 r-xp 00000000 08:02 6433987                    /usr/lib64/libdl-2.27.so
7feedeca4000-7feedeea3000 ---p 00003000 08:02 6433987                    /usr/lib64/libdl-2.27.so
7feedeea3000-7feedeea4000 r--p 00002000 08:02 6433987                    /usr/lib64/libdl-2.27.so
7feedeea4000-7feedeea5000 rw-p 00003000 08:02 6433987                    /usr/lib64/libdl-2.27.so
7feedeea5000-7feedeeb3000 r-xp 00000000 08:02 6558234                    /usr/lib/jvm/java-1.8.0-openjdk-1.8.0.172-9.b11.fc28.x86_64/jre/lib/amd64/jli/libjli.so
7feedeeb3000-7feedf0b2000 ---p 0000e000 08:02 6558234                    /usr/lib/jvm/java-1.8.0-openjdk-1.8.0.172-9.b11.fc28.x86_64/jre/lib/amd64/jli/libjli.so
7feedf0b2000-7feedf0b3000 r--p 0000d000 08:02 6558234                    /usr/lib/jvm/java-1.8.0-openjdk-1.8.0.172-9.b11.fc28.x86_64/jre/lib/amd64/jli/libjli.so
7feedf0b3000-7feedf0b4000 rw-p 00000000 00:00 0 
7feedf0b4000-7feedf0ca000 r-xp 00000000 08:02 6434861                    /usr/lib64/libz.so.1.2.11
7feedf0ca000-7feedf2c9000 ---p 00016000 08:02 6434861                    /usr/lib64/libz.so.1.2.11
7feedf2c9000-7feedf2ca000 r--p 00015000 08:02 6434861                    /usr/lib64/libz.so.1.2.11
7feedf2ca000-7feedf2cb000 rw-p 00000000 00:00 0 
7feedf2cb000-7feedf2e4000 r-xp 00000000 08:02 6434474                    /usr/lib64/libpthread-2.27.so
7feedf2e4000-7feedf4e4000 ---p 00019000 08:02 6434474                    /usr/lib64/libpthread-2.27.so
7feedf4e4000-7feedf4e5000 r--p 00019000 08:02 6434474                    /usr/lib64/libpthread-2.27.so
7feedf4e5000-7feedf4e6000 rw-p 0001a000 08:02 6434474                    /usr/lib64/libpthread-2.27.so
7feedf4e6000-7feedf4ea000 rw-p 00000000 00:00 0 
7feedf4ea000-7feedf511000 r-xp 00000000 08:02 6437038                    /usr/lib64/ld-2.27.so
7feedf514000-7feedf5f2000 rw-p 00000000 00:00 0 
7feedf5f2000-7feedf5f3000 ---p 00000000 00:00 0 
7feedf5f3000-7feedf5f6000 ---p 00000000 00:00 0 
7feedf5f6000-7feedf6f7000 rw-p 00000000 00:00 0 
7feedf706000-7feedf70e000 rw-s 00000000 00:2a 541928                     /tmp/hsperfdata_marcioaug/17796
7feedf70e000-7feedf70f000 rw-p 00000000 00:00 0 
7feedf70f000-7feedf710000 r--p 00000000 00:00 0 
7feedf710000-7feedf711000 r--p 00026000 08:02 6437038                    /usr/lib64/ld-2.27.so
7feedf711000-7feedf712000 rw-p 00027000 08:02 6437038                    /usr/lib64/ld-2.27.so
7feedf712000-7feedf713000 rw-p 00000000 00:00 0 
7ffce42b9000-7ffce42da000 rw-p 00000000 00:00 0                          [stack]
7ffce43c8000-7ffce43cb000 r--p 00000000 00:00 0                          [vvar]
7ffce43cb000-7ffce43cd000 r-xp 00000000 00:00 0                          [vdso]
ffffffffff600000-ffffffffff601000 r-xp 00000000 00:00 0                  [vsyscall]

VM Arguments:
jvm_args: -Dmajor.export.context=true -Dmajor.export.mutants=true -Dmajor.export.directory=/home/marcioaug/Projects/hunor/example/relational/mutants/mujava/.tmp -Xbootclasspath/p:/home/marcioaug/Projects/hunor/hunor/tools/bin/major/bin/../lib/javac.jar 
java_command: /home/marcioaug/Projects/hunor/hunor/tools/bin/major/bin/../lib/javac.jar -XMutator:ALL -cp /home/marcioaug/Projects/hunor/example/relational/target/classes:/home/marcioaug/Tools/java/jdk1.7.0_80/jre/lib/rt.jar -d /home/marcioaug/Projects/hunor/example/relational/mutants/mujava/.tmp/target/classes br/ufal/ic/masg/Operation.java
java_class_path (initial): /home/marcioaug/Projects/hunor/hunor/tools/bin/major/bin/../lib/javac.jar
Launcher Type: SUN_STANDARD

Environment Variables:

Signal Handlers:
SIGSEGV: [libjvm.so+0xae32d0], sa_mask[0]=11111111011111111101111111111110, sa_flags=SA_RESTART|SA_SIGINFO
SIGBUS: [libjvm.so+0xae32d0], sa_mask[0]=11111111011111111101111111111110, sa_flags=SA_RESTART|SA_SIGINFO
SIGFPE: [libjvm.so+0x8d1e70], sa_mask[0]=11111111011111111101111111111110, sa_flags=SA_RESTART|SA_SIGINFO
SIGPIPE: [libjvm.so+0x8d1e70], sa_mask[0]=11111111011111111101111111111110, sa_flags=SA_RESTART|SA_SIGINFO
SIGXFSZ: [libjvm.so+0x8d1e70], sa_mask[0]=11111111011111111101111111111110, sa_flags=SA_RESTART|SA_SIGINFO
SIGILL: [libjvm.so+0x8d1e70], sa_mask[0]=11111111011111111101111111111110, sa_flags=SA_RESTART|SA_SIGINFO
SIGUSR1: SIG_DFL, sa_mask[0]=00000000000000000000000000000000, sa_flags=none
SIGUSR2: [libjvm.so+0x8d1d00], sa_mask[0]=00100000000000000000000000000000, sa_flags=SA_RESTART|SA_SIGINFO
SIGHUP: SIG_DFL, sa_mask[0]=00000000000000000000000000000000, sa_flags=none
SIGINT: SIG_DFL, sa_mask[0]=00000000000000000000000000000000, sa_flags=none
SIGTERM: SIG_DFL, sa_mask[0]=00000000000000000000000000000000, sa_flags=none
SIGQUIT: SIG_DFL, sa_mask[0]=00000000000000000000000000000000, sa_flags=none


---------------  S Y S T E M  ---------------

OS:Fedora release 28 (Twenty Eight)

uname:Linux 4.17.2-200.fc28.x86_64 #1 SMP Mon Jun 18 20:09:31 UTC 2018 x86_64
libc:glibc 2.27 NPTL 2.27 
rlimit: STACK 8192k, CORE infinity, NPROC 128260, NOFILE 4096, AS infinity
load average:0.45 0.47 0.42

/proc/meminfo:
MemTotal:       32860376 kB
MemFree:        22249572 kB
MemAvailable:   27630880 kB
Buffers:          548668 kB
Cached:          4174948 kB
SwapCached:            0 kB
Active:          5543524 kB
Inactive:        4156432 kB
Active(anon):    3967700 kB
Inactive(anon):   314916 kB
Active(file):    1575824 kB
Inactive(file):  3841516 kB
Unevictable:          16 kB
Mlocked:              16 kB
SwapTotal:       3743740 kB
SwapFree:        3743740 kB
Dirty:           1000016 kB
Writeback:             0 kB
AnonPages:       4977468 kB
Mapped:          1012192 kB
Shmem:            316104 kB
Slab:             616936 kB
SReclaimable:     428700 kB
SUnreclaim:       188236 kB
KernelStack:       17768 kB
PageTables:        70820 kB
NFS_Unstable:          0 kB
Bounce:                0 kB
WritebackTmp:          0 kB
CommitLimit:    20173928 kB
Committed_AS:   13002092 kB
VmallocTotal:   34359738367 kB
VmallocUsed:           0 kB
VmallocChunk:          0 kB
HardwareCorrupted:     0 kB
AnonHugePages:         0 kB
ShmemHugePages:        0 kB
ShmemPmdMapped:        0 kB
CmaTotal:              0 kB
CmaFree:               0 kB
HugePages_Total:       0
HugePages_Free:        0
HugePages_Rsvd:        0
HugePages_Surp:        0
Hugepagesize:       2048 kB
Hugetlb:               0 kB
DirectMap4k:      427276 kB
DirectMap2M:    13125632 kB
DirectMap1G:    19922944 kB


CPU:total 8 (initial active 8) (4 cores per cpu, 2 threads per core) family 6 model 94 stepping 3, cmov, cx8, fxsr, mmx, sse, sse2, sse3, ssse3, sse4.1, sse4.2, popcnt, avx, avx2, aes, clmul, erms, rtm, 3dnowpref, lzcnt, ht, tsc, tscinvbit, bmi1, bmi2, adx

/proc/cpuinfo:
processor	: 0
vendor_id	: GenuineIntel
cpu family	: 6
model		: 94
model name	: Intel(R) Core(TM) i7-6700 CPU @ 3.40GHz
stepping	: 3
microcode	: 0xc2
cpu MHz		: 3738.412
cache size	: 8192 KB
physical id	: 0
siblings	: 8
core id		: 0
cpu cores	: 4
apicid		: 0
initial apicid	: 0
fpu		: yes
fpu_exception	: yes
cpuid level	: 22
wp		: yes
flags		: fpu vme de pse tsc msr pae mce cx8 apic sep mtrr pge mca cmov pat pse36 clflush dts acpi mmx fxsr sse sse2 ss ht tm pbe syscall nx pdpe1gb rdtscp lm constant_tsc art arch_perfmon pebs bts rep_good nopl xtopology nonstop_tsc cpuid aperfmperf tsc_known_freq pni pclmulqdq dtes64 monitor ds_cpl vmx smx est tm2 ssse3 sdbg fma cx16 xtpr pdcm pcid sse4_1 sse4_2 x2apic movbe popcnt tsc_deadline_timer aes xsave avx f16c rdrand lahf_lm abm 3dnowprefetch cpuid_fault invpcid_single pti ibrs ibpb stibp tpr_shadow vnmi flexpriority ept vpid fsgsbase tsc_adjust bmi1 hle avx2 smep bmi2 erms invpcid rtm mpx rdseed adx smap clflushopt intel_pt xsaveopt xsavec xgetbv1 xsaves dtherm ida arat pln pts hwp hwp_notify hwp_act_window hwp_epp
bugs		: cpu_meltdown spectre_v1 spectre_v2 spec_store_bypass
bogomips	: 6816.00
clflush size	: 64
cache_alignment	: 64
address sizes	: 39 bits physical, 48 bits virtual
power management:

processor	: 1
vendor_id	: GenuineIntel
cpu family	: 6
model		: 94
model name	: Intel(R) Core(TM) i7-6700 CPU @ 3.40GHz
stepping	: 3
microcode	: 0xc2
cpu MHz		: 3730.829
cache size	: 8192 KB
physical id	: 0
siblings	: 8
core id		: 1
cpu cores	: 4
apicid		: 2
initial apicid	: 2
fpu		: yes
fpu_exception	: yes
cpuid level	: 22
wp		: yes
flags		: fpu vme de pse tsc msr pae mce cx8 apic sep mtrr pge mca cmov pat pse36 clflush dts acpi mmx fxsr sse sse2 ss ht tm pbe syscall nx pdpe1gb rdtscp lm constant_tsc art arch_perfmon pebs bts rep_good nopl xtopology nonstop_tsc cpuid aperfmperf tsc_known_freq pni pclmulqdq dtes64 monitor ds_cpl vmx smx est tm2 ssse3 sdbg fma cx16 xtpr pdcm pcid sse4_1 sse4_2 x2apic movbe popcnt tsc_deadline_timer aes xsave avx f16c rdrand lahf_lm abm 3dnowprefetch cpuid_fault invpcid_single pti ibrs ibpb stibp tpr_shadow vnmi flexpriority ept vpid fsgsbase tsc_adjust bmi1 hle avx2 smep bmi2 erms invpcid rtm mpx rdseed adx smap clflushopt intel_pt xsaveopt xsavec xgetbv1 xsaves dtherm ida arat pln pts hwp hwp_notify hwp_act_window hwp_epp
bugs		: cpu_meltdown spectre_v1 spectre_v2 spec_store_bypass
bogomips	: 6816.00
clflush size	: 64
cache_alignment	: 64
address sizes	: 39 bits physical, 48 bits virtual
power management:

processor	: 2
vendor_id	: GenuineIntel
cpu family	: 6
model		: 94
model name	: Intel(R) Core(TM) i7-6700 CPU @ 3.40GHz
stepping	: 3
microcode	: 0xc2
cpu MHz		: 3729.953
cache size	: 8192 KB
physical id	: 0
siblings	: 8
core id		: 2
cpu cores	: 4
apicid		: 4
initial apicid	: 4
fpu		: yes
fpu_exception	: yes
cpuid level	: 22
wp		: yes
flags		: fpu vme de pse tsc msr pae mce cx8 apic sep mtrr pge mca cmov pat pse36 clflush dts acpi mmx fxsr sse sse2 ss ht tm pbe syscall nx pdpe1gb rdtscp lm constant_tsc art arch_perfmon pebs bts rep_good nopl xtopology nonstop_tsc cpuid aperfmperf tsc_known_freq pni pclmulqdq dtes64 monitor ds_cpl vmx smx est tm2 ssse3 sdbg fma cx16 xtpr pdcm pcid sse4_1 sse4_2 x2apic movbe popcnt tsc_deadline_timer aes xsave avx f16c rdrand lahf_lm abm 3dnowprefetch cpuid_fault invpcid_single pti ibrs ibpb stibp tpr_shadow vnmi flexpriority ept vpid fsgsbase tsc_adjust bmi1 hle avx2 smep bmi2 erms invpcid rtm mpx rdseed adx smap clflushopt intel_pt xsaveopt xsavec xgetbv1 xsaves dtherm ida arat pln pts hwp hwp_notify hwp_act_window hwp_epp
bugs		: cpu_meltdown spectre_v1 spectre_v2 spec_store_bypass
bogomips	: 6816.00
clflush size	: 64
cache_alignment	: 64
address sizes	: 39 bits physical, 48 bits virtual
power management:

processor	: 3
vendor_id	: GenuineIntel
cpu family	: 6
model		: 94
model name	: Intel(R) Core(TM) i7-6700 CPU @ 3.40GHz
stepping	: 3
microcode	: 0xc2
cpu MHz		: 3745.543
cache size	: 8192 KB
physical id	: 0
siblings	: 8
core id		: 3
cpu cores	: 4
apicid		: 6
initial apicid	: 6
fpu		: yes
fpu_exception	: yes
cpuid level	: 22
wp		: yes
flags		: fpu vme de pse tsc msr pae mce cx8 apic sep mtrr pge mca cmov pat pse36 clflush dts acpi mmx fxsr sse sse2 ss ht tm pbe syscall nx pdpe1gb rdtscp lm constant_tsc art arch_perfmon pebs bts rep_good nopl xtopology nonstop_tsc cpuid aperfmperf tsc_known_freq pni pclmulqdq dtes64 monitor ds_cpl vmx smx est tm2 ssse3 sdbg fma cx16 xtpr pdcm pcid sse4_1 sse4_2 x2apic movbe popcnt tsc_deadline_timer aes xsave avx f16c rdrand lahf_lm abm 3dnowprefetch cpuid_fault invpcid_single pti ibrs ibpb stibp tpr_shadow vnmi flexpriority ept vpid fsgsbase tsc_adjust bmi1 hle avx2 smep bmi2 erms invpcid rtm mpx rdseed adx smap clflushopt intel_pt xsaveopt xsavec xgetbv1 xsaves dtherm ida arat pln pts hwp hwp_notify hwp_act_window hwp_epp
bugs		: cpu_meltdown spectre_v1 spectre_v2 spec_store_bypass
bogomips	: 6816.00
clflush size	: 64
cache_alignment	: 64
address sizes	: 39 bits physical, 48 bits virtual
power management:

processor	: 4
vendor_id	: GenuineIntel
cpu family	: 6
model		: 94
model name	: Intel(R) Core(TM) i7-6700 CPU @ 3.40GHz
stepping	: 3
microcode	: 0xc2
cpu MHz		: 3752.699
cache size	: 8192 KB
physical id	: 0
siblings	: 8
core id		: 0
cpu cores	: 4
apicid		: 1
initial apicid	: 1
fpu		: yes
fpu_exception	: yes
cpuid level	: 22
wp		: yes
flags		: fpu vme de pse tsc msr pae mce cx8 apic sep mtrr pge mca cmov pat pse36 clflush dts acpi mmx fxsr sse sse2 ss ht tm pbe syscall nx pdpe1gb rdtscp lm constant_tsc art arch_perfmon pebs bts rep_good nopl xtopology nonstop_tsc cpuid aperfmperf tsc_known_freq pni pclmulqdq dtes64 monitor ds_cpl vmx smx est tm2 ssse3 sdbg fma cx16 xtpr pdcm pcid sse4_1 sse4_2 x2apic movbe popcnt tsc_deadline_timer aes xsave avx f16c rdrand lahf_lm abm 3dnowprefetch cpuid_fault invpcid_single pti ibrs ibpb stibp tpr_shadow vnmi flexpriority ept vpid fsgsbase tsc_adjust bmi1 hle avx2 smep bmi2 erms invpcid rtm mpx rdseed adx smap clflushopt intel_pt xsaveopt xsavec xgetbv1 xsaves dtherm ida arat pln pts hwp hwp_notify hwp_act_window hwp_epp
bugs		: cpu_meltdown spectre_v1 spectre_v2 spec_store_bypass
bogomips	: 6816.00
clflush size	: 64
cache_alignment	: 64
address sizes	: 39 bits physical, 48 bits virtual
power management:

processor	: 5
vendor_id	: GenuineIntel
cpu family	: 6
model		: 94
model name	: Intel(R) Core(TM) i7-6700 CPU @ 3.40GHz
stepping	: 3
microcode	: 0xc2
cpu MHz		: 3723.652
cache size	: 8192 KB
physical id	: 0
siblings	: 8
core id		: 1
cpu cores	: 4
apicid		: 3
initial apicid	: 3
fpu		: yes
fpu_exception	: yes
cpuid level	: 22
wp		: yes
flags		: fpu vme de pse tsc msr pae mce cx8 apic sep mtrr pge mca cmov pat pse36 clflush dts acpi mmx fxsr sse sse2 ss ht tm pbe syscall nx pdpe1gb rdtscp lm constant_tsc art arch_perfmon pebs bts rep_good nopl xtopology nonstop_tsc cpuid aperfmperf tsc_known_freq pni pclmulqdq dtes64 monitor ds_cpl vmx smx est tm2 ssse3 sdbg fma cx16 xtpr pdcm pcid sse4_1 sse4_2 x2apic movbe popcnt tsc_deadline_timer aes xsave avx f16c rdrand lahf_lm abm 3dnowprefetch cpuid_fault invpcid_single pti ibrs ibpb stibp tpr_shadow vnmi flexpriority ept vpid fsgsbase tsc_adjust bmi1 hle avx2 smep bmi2 erms invpcid rtm mpx rdseed adx smap clflushopt intel_pt xsaveopt xsavec xgetbv1 xsaves dtherm ida arat pln pts hwp hwp_notify hwp_act_window hwp_epp
bugs		: cpu_meltdown spectre_v1 spectre_v2 spec_store_bypass
bogomips	: 6816.00
clflush size	: 64
cache_alignment	: 64
address sizes	: 39 bits physical, 48 bits virtual
power management:

processor	: 6
vendor_id	: GenuineIntel
cpu family	: 6
model		: 94
model name	: Intel(R) Core(TM) i7-6700 CPU @ 3.40GHz
stepping	: 3
microcode	: 0xc2
cpu MHz		: 3741.069
cache size	: 8192 KB
physical id	: 0
siblings	: 8
core id		: 2
cpu cores	: 4
apicid		: 5
initial apicid	: 5
fpu		: yes
fpu_exception	: yes
cpuid level	: 22
wp		: yes
flags		: fpu vme de pse tsc msr pae mce cx8 apic sep mtrr pge mca cmov pat pse36 clflush dts acpi mmx fxsr sse sse2 ss ht tm pbe syscall nx pdpe1gb rdtscp lm constant_tsc art arch_perfmon pebs bts rep_good nopl xtopology nonstop_tsc cpuid aperfmperf tsc_known_freq pni pclmulqdq dtes64 monitor ds_cpl vmx smx est tm2 ssse3 sdbg fma cx16 xtpr pdcm pcid sse4_1 sse4_2 x2apic movbe popcnt tsc_deadline_timer aes xsave avx f16c rdrand lahf_lm abm 3dnowprefetch cpuid_fault invpcid_single pti ibrs ibpb stibp tpr_shadow vnmi flexpriority ept vpid fsgsbase tsc_adjust bmi1 hle avx2 smep bmi2 erms invpcid rtm mpx rdseed adx smap clflushopt intel_pt xsaveopt xsavec xgetbv1 xsaves dtherm ida arat pln pts hwp hwp_notify hwp_act_window hwp_epp
bugs		: cpu_meltdown spectre_v1 spectre_v2 spec_store_bypass
bogomips	: 6816.00
clflush size	: 64
cache_alignment	: 64
address sizes	: 39 bits physical, 48 bits virtual
power management:

processor	: 7
vendor_id	: GenuineIntel
cpu family	: 6
model		: 94
model name	: Intel(R) Core(TM) i7-6700 CPU @ 3.40GHz
stepping	: 3
microcode	: 0xc2
cpu MHz		: 3728.170
cache size	: 8192 KB
physical id	: 0
siblings	: 8
core id		: 3
cpu cores	: 4
apicid		: 7
initial apicid	: 7
fpu		: yes
fpu_exception	: yes
cpuid level	: 22
wp		: yes
flags		: fpu vme de pse tsc msr pae mce cx8 apic sep mtrr pge mca cmov pat pse36 clflush dts acpi mmx fxsr sse sse2 ss ht tm pbe syscall nx pdpe1gb rdtscp lm constant_tsc art arch_perfmon pebs bts rep_good nopl xtopology nonstop_tsc cpuid aperfmperf tsc_known_freq pni pclmulqdq dtes64 monitor ds_cpl vmx smx est tm2 ssse3 sdbg fma cx16 xtpr pdcm pcid sse4_1 sse4_2 x2apic movbe popcnt tsc_deadline_timer aes xsave avx f16c rdrand lahf_lm abm 3dnowprefetch cpuid_fault invpcid_single pti ibrs ibpb stibp tpr_shadow vnmi flexpriority ept vpid fsgsbase tsc_adjust bmi1 hle avx2 smep bmi2 erms invpcid rtm mpx rdseed adx smap clflushopt intel_pt xsaveopt xsavec xgetbv1 xsaves dtherm ida arat pln pts hwp hwp_notify hwp_act_window hwp_epp
bugs		: cpu_meltdown spectre_v1 spectre_v2 spec_store_bypass
bogomips	: 6816.00
clflush size	: 64
cache_alignment	: 64
address sizes	: 39 bits physical, 48 bits virtual
power management:



Memory: 4k page, physical 32860376k(22248084k free), swap 3743740k(3743740k free)

vm_info: OpenJDK 64-Bit Server VM (25.172-b11) for linux-amd64 JRE (1.8.0_172-b11), built on Jun 18 2018 16:05:57 by "mockbuild" with gcc 8.1.1 20180502 (Red Hat 8.1.1-1)

time: Wed Oct  3 16:55:16 2018
elapsed time: 0 seconds (0d 0h 0m 0s)

